SF:/app/crates/xtask/src/main.rs
FN:48,_RNvCs5DETsromXl2_5xtask10full_audit
FN:27,_RNvCs5DETsromXl2_5xtask10pre_commit
FN:37,_RNvCs5DETsromXl2_5xtask2ci
FN:57,_RNvCs5DETsromXl2_5xtask3run
FN:17,_RNvCs5DETsromXl2_5xtask4main
FNDA:0,_RNvCs5DETsromXl2_5xtask10full_audit
FNDA:0,_RNvCs5DETsromXl2_5xtask10pre_commit
FNDA:0,_RNvCs5DETsromXl2_5xtask2ci
FNDA:0,_RNvCs5DETsromXl2_5xtask3run
FNDA:0,_RNvCs5DETsromXl2_5xtask4main
FNF:5
FNH:0
DA:17,0
DA:18,0
DA:19,0
DA:20,0
DA:21,0
DA:22,0
DA:24,0
DA:25,0
DA:27,0
DA:28,0
DA:29,0
DA:30,0
DA:32,0
DA:33,0
DA:34,0
DA:35,0
DA:37,0
DA:38,0
DA:39,0
DA:41,0
DA:42,0
DA:43,0
DA:44,0
DA:45,0
DA:46,0
DA:48,0
DA:49,0
DA:51,0
DA:54,0
DA:55,0
DA:57,0
DA:58,0
DA:59,0
DA:60,0
DA:61,0
DA:62,0
DA:63,0
BRF:0
BRH:0
LF:37
LH:0
end_of_record
SF:/app/rust/kernel/src/lib.rs
FN:1,_RNvCskOIgIXevPbV_6kernel3add
FN:10,_RNvNtCskOIgIXevPbV_6kernel5testss_8it_works
FNDA:1,_RNvCskOIgIXevPbV_6kernel3add
FNDA:1,_RNvNtCskOIgIXevPbV_6kernel5testss_8it_works
FNF:2
FNH:2
DA:1,1
DA:2,1
DA:3,1
DA:10,1
DA:11,1
DA:12,1
DA:13,1
BRF:0
BRH:0
LF:7
LH:7
end_of_record
SF:/app/src/cli/evolution_commands.rs
FN:10,_RNCNvMNtNtCs4fBZ6wQtzev_14cathedral_qvac3cli18evolution_commandsNtB4_16EvolutionCommand7execute0B8_
FN:4,_RNvMNtNtCs4fBZ6wQtzev_14cathedral_qvac3cli18evolution_commandsNtB2_16EvolutionCommand5parse
FN:7,_RNvMNtNtCs4fBZ6wQtzev_14cathedral_qvac3cli18evolution_commandsNtB2_16EvolutionCommand7execute
FNDA:0,_RNCNvMNtNtCs4fBZ6wQtzev_14cathedral_qvac3cli18evolution_commandsNtB4_16EvolutionCommand7execute0B8_
FNDA:0,_RNvMNtNtCs4fBZ6wQtzev_14cathedral_qvac3cli18evolution_commandsNtB2_16EvolutionCommand5parse
FNDA:0,_RNvMNtNtCs4fBZ6wQtzev_14cathedral_qvac3cli18evolution_commandsNtB2_16EvolutionCommand7execute
FNF:3
FNH:0
DA:4,0
DA:5,0
DA:6,0
DA:7,0
DA:8,0
DA:9,0
DA:10,0
DA:11,0
DA:12,0
BRF:0
BRH:0
LF:10
LH:0
end_of_record
SF:/app/src/cli/wallet_commands.rs
FN:10,_RNCNvMNtNtCs4fBZ6wQtzev_14cathedral_qvac3cli15wallet_commandsNtB4_13WalletCommand7execute0B8_
FN:4,_RNvMNtNtCs4fBZ6wQtzev_14cathedral_qvac3cli15wallet_commandsNtB2_13WalletCommand5parse
FN:7,_RNvMNtNtCs4fBZ6wQtzev_14cathedral_qvac3cli15wallet_commandsNtB2_13WalletCommand7execute
FNDA:0,_RNCNvMNtNtCs4fBZ6wQtzev_14cathedral_qvac3cli15wallet_commandsNtB4_13WalletCommand7execute0B8_
FNDA:0,_RNvMNtNtCs4fBZ6wQtzev_14cathedral_qvac3cli15wallet_commandsNtB2_13WalletCommand5parse
FNDA:0,_RNvMNtNtCs4fBZ6wQtzev_14cathedral_qvac3cli15wallet_commandsNtB2_13WalletCommand7execute
FNF:3
FNH:0
DA:4,0
DA:5,0
DA:6,0
DA:7,0
DA:8,0
DA:9,0
DA:10,0
DA:11,0
DA:12,0
BRF:0
BRH:0
LF:10
LH:0
end_of_record
SF:/app/src/error_handling/circuit_breaker.rs
FN:49,_RINvMs_NtNtCs4fBZ6wQtzev_14cathedral_qvac14error_handling15circuit_breakerNtB5_14CircuitBreaker4callpppEB9_
FN:53,_RNCINvMs_NtNtCs4fBZ6wQtzev_14cathedral_qvac14error_handling15circuit_breakerNtB7_14CircuitBreaker4callpppE0Bb_
FN:114,_RNCNvMs_NtNtCs4fBZ6wQtzev_14cathedral_qvac14error_handling15circuit_breakerNtB6_14CircuitBreaker9get_state0Ba_
FN:39,_RNvMs_NtNtCs4fBZ6wQtzev_14cathedral_qvac14error_handling15circuit_breakerNtB4_14CircuitBreaker3new
FN:114,_RNvMs_NtNtCs4fBZ6wQtzev_14cathedral_qvac14error_handling15circuit_breakerNtB4_14CircuitBreaker9get_state
FN:29,_RNvXNtNtCs4fBZ6wQtzev_14cathedral_qvac14error_handling15circuit_breakerNtB2_20CircuitBreakerConfigNtNtCs4kUJL3MZFFz_4core7default7Default7default
FNDA:0,_RINvMs_NtNtCs4fBZ6wQtzev_14cathedral_qvac14error_handling15circuit_breakerNtB5_14CircuitBreaker4callpppEB9_
FNDA:0,_RNCINvMs_NtNtCs4fBZ6wQtzev_14cathedral_qvac14error_handling15circuit_breakerNtB7_14CircuitBreaker4callpppE0Bb_
FNDA:0,_RNCNvMs_NtNtCs4fBZ6wQtzev_14cathedral_qvac14error_handling15circuit_breakerNtB6_14CircuitBreaker9get_state0Ba_
FNDA:0,_RNvMs_NtNtCs4fBZ6wQtzev_14cathedral_qvac14error_handling15circuit_breakerNtB4_14CircuitBreaker3new
FNDA:0,_RNvMs_NtNtCs4fBZ6wQtzev_14cathedral_qvac14error_handling15circuit_breakerNtB4_14CircuitBreaker9get_state
FNDA:0,_RNvXNtNtCs4fBZ6wQtzev_14cathedral_qvac14error_handling15circuit_breakerNtB2_20CircuitBreakerConfigNtNtCs4kUJL3MZFFz_4core7default7Default7default
FNF:6
FNH:0
DA:29,0
DA:30,0
DA:31,0
DA:32,0
DA:33,0
DA:34,0
DA:35,0
DA:39,0
DA:40,0
DA:41,0
DA:42,0
DA:43,0
DA:44,0
DA:45,0
DA:46,0
DA:47,0
DA:49,0
DA:50,0
DA:51,0
DA:52,0
DA:53,0
DA:54,0
DA:56,0
DA:58,0
DA:59,0
DA:60,0
DA:61,0
DA:62,0
DA:63,0
DA:65,0
DA:68,0
DA:69,0
DA:70,0
DA:71,0
DA:74,0
DA:76,0
DA:77,0
DA:78,0
DA:79,0
DA:80,0
DA:81,0
DA:82,0
DA:83,0
DA:84,0
DA:85,0
DA:86,0
DA:87,0
DA:88,0
DA:89,0
DA:90,0
DA:92,0
DA:93,0
DA:94,0
DA:95,0
DA:96,0
DA:98,0
DA:99,0
DA:100,0
DA:104,0
DA:105,0
DA:106,0
DA:107,0
DA:108,0
DA:109,0
DA:112,0
DA:114,0
DA:115,0
DA:116,0
BRF:0
BRH:0
LF:69
LH:0
end_of_record
SF:/app/src/error_handling/retry.rs
FN:59,_RINvMs_NtNtCs4fBZ6wQtzev_14cathedral_qvac14error_handling5retryNtB5_12RetryContext11retry_asyncpppEB9_
FN:33,_RINvMs_NtNtCs4fBZ6wQtzev_14cathedral_qvac14error_handling5retryNtB5_12RetryContext5retrypppEB9_
FN:63,_RNCINvMs_NtNtCs4fBZ6wQtzev_14cathedral_qvac14error_handling5retryNtB7_12RetryContext11retry_asyncpppE0Bb_
FN:37,_RNCINvMs_NtNtCs4fBZ6wQtzev_14cathedral_qvac14error_handling5retryNtB7_12RetryContext5retrypppE0Bb_
FN:85,_RNvMs_NtNtCs4fBZ6wQtzev_14cathedral_qvac14error_handling5retryNtB4_12RetryContext15calculate_delay
FN:29,_RNvMs_NtNtCs4fBZ6wQtzev_14cathedral_qvac14error_handling5retryNtB4_12RetryContext3new
FN:13,_RNvXNtNtCs4fBZ6wQtzev_14cathedral_qvac14error_handling5retryNtB2_11RetryConfigNtNtCs4kUJL3MZFFz_4core7default7Default7default
FNDA:0,_RINvMs_NtNtCs4fBZ6wQtzev_14cathedral_qvac14error_handling5retryNtB5_12RetryContext11retry_asyncpppEB9_
FNDA:0,_RINvMs_NtNtCs4fBZ6wQtzev_14cathedral_qvac14error_handling5retryNtB5_12RetryContext5retrypppEB9_
FNDA:0,_RNCINvMs_NtNtCs4fBZ6wQtzev_14cathedral_qvac14error_handling5retryNtB7_12RetryContext11retry_asyncpppE0Bb_
FNDA:0,_RNCINvMs_NtNtCs4fBZ6wQtzev_14cathedral_qvac14error_handling5retryNtB7_12RetryContext5retrypppE0Bb_
FNDA:0,_RNvMs_NtNtCs4fBZ6wQtzev_14cathedral_qvac14error_handling5retryNtB4_12RetryContext15calculate_delay
FNDA:0,_RNvMs_NtNtCs4fBZ6wQtzev_14cathedral_qvac14error_handling5retryNtB4_12RetryContext3new
FNDA:0,_RNvXNtNtCs4fBZ6wQtzev_14cathedral_qvac14error_handling5retryNtB2_11RetryConfigNtNtCs4kUJL3MZFFz_4core7default7Default7default
FNF:7
FNH:0
DA:13,0
DA:14,0
DA:15,0
DA:16,0
DA:17,0
DA:18,0
DA:19,0
DA:20,0
DA:29,0
DA:30,0
DA:31,0
DA:33,0
DA:34,0
DA:35,0
DA:36,0
DA:37,0
DA:39,0
DA:40,0
DA:41,0
DA:42,0
DA:43,0
DA:44,0
DA:45,0
DA:46,0
DA:47,0
DA:51,0
DA:53,0
DA:57,0
DA:59,0
DA:60,0
DA:61,0
DA:62,0
DA:63,0
DA:65,0
DA:66,0
DA:67,0
DA:68,0
DA:69,0
DA:70,0
DA:71,0
DA:72,0
DA:73,0
DA:77,0
DA:79,0
DA:83,0
DA:85,0
DA:86,0
DA:87,0
DA:88,0
DA:89,0
DA:90,0
BRF:0
BRH:0
LF:51
LH:0
end_of_record
SF:/app/src/evolution/desci_node_resource.rs
FN:131,_RNvMs_NtNtCs4fBZ6wQtzev_14cathedral_qvac9evolution19desci_node_resourceNtB4_17DeSciNodeResource3new
FN:29,_RNvXNtNtCs4fBZ6wQtzev_14cathedral_qvac9evolution19desci_node_resourceNtB2_13ComponentTypeNtNtCs4kUJL3MZFFz_4core3fmt7Display3fmt
FNDA:0,_RNvMs_NtNtCs4fBZ6wQtzev_14cathedral_qvac9evolution19desci_node_resourceNtB4_17DeSciNodeResource3new
FNDA:0,_RNvXNtNtCs4fBZ6wQtzev_14cathedral_qvac9evolution19desci_node_resourceNtB2_13ComponentTypeNtNtCs4kUJL3MZFFz_4core3fmt7Display3fmt
FNF:2
FNH:0
DA:29,0
DA:30,0
DA:31,0
DA:32,0
DA:33,0
DA:34,0
DA:35,0
DA:36,0
DA:37,0
DA:38,0
DA:39,0
DA:40,0
DA:41,0
DA:42,0
DA:43,0
DA:44,0
DA:45,0
DA:46,0
DA:47,0
DA:48,0
DA:49,0
DA:51,0
DA:131,0
DA:132,0
DA:133,0
DA:134,0
DA:135,0
DA:136,0
DA:137,0
DA:138,0
DA:139,0
DA:140,0
DA:141,0
DA:142,0
DA:143,0
DA:144,0
DA:145,0
DA:146,0
DA:147,0
DA:148,0
DA:149,0
DA:150,0
DA:151,0
DA:152,0
DA:153,0
DA:154,0
DA:155,0
DA:156,0
DA:157,0
DA:158,0
DA:159,0
DA:160,0
DA:161,0
DA:162,0
DA:163,0
DA:164,0
DA:165,0
DA:166,0
DA:167,0
DA:168,0
DA:169,0
DA:170,0
DA:171,0
DA:172,0
DA:173,0
DA:174,0
DA:175,0
BRF:0
BRH:0
LF:67
LH:0
end_of_record
SF:/app/src/evolution/identity_resource.rs
FN:129,_RNCNvMNtNtCs4fBZ6wQtzev_14cathedral_qvac9evolution17identity_resourceNtB4_16IdentityResource10add_wallet0B8_
FN:141,_RNCNvMNtNtCs4fBZ6wQtzev_14cathedral_qvac9evolution17identity_resourceNtB4_16IdentityResource10get_wallet0B8_
FN:147,_RNCNvMNtNtCs4fBZ6wQtzev_14cathedral_qvac9evolution17identity_resourceNtB4_16IdentityResource14get_wallet_mut0B8_
FN:103,_RNCNvMNtNtCs4fBZ6wQtzev_14cathedral_qvac9evolution17identity_resourceNtB4_16IdentityResource3new0B8_
FN:198,_RNCNvXs_NtNtCs4fBZ6wQtzev_14cathedral_qvac9evolution17identity_resourceNtB6_16IdentityResourceNtNtB8_8resource8Resource10from_bytes0Ba_
FN:194,_RNCNvXs_NtNtCs4fBZ6wQtzev_14cathedral_qvac9evolution17identity_resourceNtB6_16IdentityResourceNtNtB8_8resource8Resource8to_bytes0Ba_
FN:150,_RNvMNtNtCs4fBZ6wQtzev_14cathedral_qvac9evolution17identity_resourceNtB2_16IdentityResource10add_policy
FN:125,_RNvMNtNtCs4fBZ6wQtzev_14cathedral_qvac9evolution17identity_resourceNtB2_16IdentityResource10add_wallet
FN:138,_RNvMNtNtCs4fBZ6wQtzev_14cathedral_qvac9evolution17identity_resourceNtB2_16IdentityResource10get_wallet
FN:175,_RNvMNtNtCs4fBZ6wQtzev_14cathedral_qvac9evolution17identity_resourceNtB2_16IdentityResource10is_trusted
FN:168,_RNvMNtNtCs4fBZ6wQtzev_14cathedral_qvac9evolution17identity_resourceNtB2_16IdentityResource11trust_agent
FN:144,_RNvMNtNtCs4fBZ6wQtzev_14cathedral_qvac9evolution17identity_resourceNtB2_16IdentityResource14get_wallet_mut
FN:78,_RNvMNtNtCs4fBZ6wQtzev_14cathedral_qvac9evolution17identity_resourceNtB2_16IdentityResource3new
FN:155,_RNvMNtNtCs4fBZ6wQtzev_14cathedral_qvac9evolution17identity_resourceNtB2_16IdentityResource9authorize
FN:190,_RNvXs_NtNtCs4fBZ6wQtzev_14cathedral_qvac9evolution17identity_resourceNtB4_16IdentityResourceNtNtB6_8resource8Resource10as_any_mut
FN:196,_RNvXs_NtNtCs4fBZ6wQtzev_14cathedral_qvac9evolution17identity_resourceNtB4_16IdentityResourceNtNtB6_8resource8Resource10from_bytes
FN:184,_RNvXs_NtNtCs4fBZ6wQtzev_14cathedral_qvac9evolution17identity_resourceNtB4_16IdentityResourceNtNtB6_8resource8Resource12metadata_mut
FN:187,_RNvXs_NtNtCs4fBZ6wQtzev_14cathedral_qvac9evolution17identity_resourceNtB4_16IdentityResourceNtNtB6_8resource8Resource6as_any
FN:181,_RNvXs_NtNtCs4fBZ6wQtzev_14cathedral_qvac9evolution17identity_resourceNtB4_16IdentityResourceNtNtB6_8resource8Resource8metadata
FN:193,_RNvXs_NtNtCs4fBZ6wQtzev_14cathedral_qvac9evolution17identity_resourceNtB4_16IdentityResourceNtNtB6_8resource8Resource8to_bytes
FNDA:0,_RNCNvMNtNtCs4fBZ6wQtzev_14cathedral_qvac9evolution17identity_resourceNtB4_16IdentityResource10add_wallet0B8_
FNDA:0,_RNCNvMNtNtCs4fBZ6wQtzev_14cathedral_qvac9evolution17identity_resourceNtB4_16IdentityResource10get_wallet0B8_
FNDA:0,_RNCNvMNtNtCs4fBZ6wQtzev_14cathedral_qvac9evolution17identity_resourceNtB4_16IdentityResource14get_wallet_mut0B8_
FNDA:0,_RNCNvMNtNtCs4fBZ6wQtzev_14cathedral_qvac9evolution17identity_resourceNtB4_16IdentityResource3new0B8_
FNDA:0,_RNCNvXs_NtNtCs4fBZ6wQtzev_14cathedral_qvac9evolution17identity_resourceNtB6_16IdentityResourceNtNtB8_8resource8Resource10from_bytes0Ba_
FNDA:0,_RNCNvXs_NtNtCs4fBZ6wQtzev_14cathedral_qvac9evolution17identity_resourceNtB6_16IdentityResourceNtNtB8_8resource8Resource8to_bytes0Ba_
FNDA:0,_RNvMNtNtCs4fBZ6wQtzev_14cathedral_qvac9evolution17identity_resourceNtB2_16IdentityResource10add_policy
FNDA:0,_RNvMNtNtCs4fBZ6wQtzev_14cathedral_qvac9evolution17identity_resourceNtB2_16IdentityResource10add_wallet
FNDA:0,_RNvMNtNtCs4fBZ6wQtzev_14cathedral_qvac9evolution17identity_resourceNtB2_16IdentityResource10get_wallet
FNDA:0,_RNvMNtNtCs4fBZ6wQtzev_14cathedral_qvac9evolution17identity_resourceNtB2_16IdentityResource10is_trusted
FNDA:0,_RNvMNtNtCs4fBZ6wQtzev_14cathedral_qvac9evolution17identity_resourceNtB2_16IdentityResource11trust_agent
FNDA:0,_RNvMNtNtCs4fBZ6wQtzev_14cathedral_qvac9evolution17identity_resourceNtB2_16IdentityResource14get_wallet_mut
FNDA:0,_RNvMNtNtCs4fBZ6wQtzev_14cathedral_qvac9evolution17identity_resourceNtB2_16IdentityResource3new
FNDA:0,_RNvMNtNtCs4fBZ6wQtzev_14cathedral_qvac9evolution17identity_resourceNtB2_16IdentityResource9authorize
FNDA:0,_RNvXs_NtNtCs4fBZ6wQtzev_14cathedral_qvac9evolution17identity_resourceNtB4_16IdentityResourceNtNtB6_8resource8Resource10as_any_mut
FNDA:0,_RNvXs_NtNtCs4fBZ6wQtzev_14cathedral_qvac9evolution17identity_resourceNtB4_16IdentityResourceNtNtB6_8resource8Resource10from_bytes
FNDA:0,_RNvXs_NtNtCs4fBZ6wQtzev_14cathedral_qvac9evolution17identity_resourceNtB4_16IdentityResourceNtNtB6_8resource8Resource12metadata_mut
FNDA:0,_RNvXs_NtNtCs4fBZ6wQtzev_14cathedral_qvac9evolution17identity_resourceNtB4_16IdentityResourceNtNtB6_8resource8Resource6as_any
FNDA:0,_RNvXs_NtNtCs4fBZ6wQtzev_14cathedral_qvac9evolution17identity_resourceNtB4_16IdentityResourceNtNtB6_8resource8Resource8metadata
FNDA:0,_RNvXs_NtNtCs4fBZ6wQtzev_14cathedral_qvac9evolution17identity_resourceNtB4_16IdentityResourceNtNtB6_8resource8Resource8to_bytes
FNF:20
FNH:0
DA:78,0
DA:79,0
DA:80,0
DA:81,0
DA:82,0
DA:83,0
DA:84,0
DA:85,0
DA:88,0
DA:89,0
DA:90,0
DA:91,0
DA:92,0
DA:93,0
DA:94,0
DA:95,0
DA:96,0
DA:97,0
DA:98,0
DA:99,0
DA:101,0
DA:102,0
DA:103,0
DA:104,0
DA:105,0
DA:106,0
DA:107,0
DA:108,0
DA:109,0
DA:111,0
DA:112,0
DA:113,0
DA:114,0
DA:115,0
DA:116,0
DA:117,0
DA:118,0
DA:119,0
DA:120,0
DA:121,0
DA:123,0
DA:125,0
DA:126,0
DA:127,0
DA:128,0
DA:129,0
DA:131,0
DA:132,0
DA:133,0
DA:134,0
DA:135,0
DA:136,0
DA:138,0
DA:139,0
DA:140,0
DA:141,0
DA:142,0
DA:144,0
DA:145,0
DA:146,0
DA:147,0
DA:148,0
DA:150,0
DA:151,0
DA:152,0
DA:153,0
DA:155,0
DA:156,0
DA:157,0
DA:158,0
DA:159,0
DA:161,0
DA:162,0
DA:165,0
DA:166,0
DA:168,0
DA:169,0
DA:170,0
DA:171,0
DA:172,0
DA:173,0
DA:175,0
DA:176,0
DA:177,0
DA:181,0
DA:182,0
DA:183,0
DA:184,0
DA:185,0
DA:186,0
DA:187,0
DA:188,0
DA:189,0
DA:190,0
DA:191,0
DA:192,0
DA:193,0
DA:194,0
DA:195,0
DA:196,0
DA:197,0
DA:198,0
DA:199,0
BRF:0
BRH:0
LF:109
LH:0
end_of_record
SF:/app/src/evolution/lora_finetune.rs
FN:154,_RNCNCNvMNtNtCs4fBZ6wQtzev_14cathedral_qvac9evolution13lora_finetuneNtB6_13LoRAFineTuner15save_temp_model00Ba_
FN:157,_RNCNCNvMNtNtCs4fBZ6wQtzev_14cathedral_qvac9evolution13lora_finetuneNtB6_13LoRAFineTuner15save_temp_model0s_0Ba_
FN:164,_RNCNCNvMNtNtCs4fBZ6wQtzev_14cathedral_qvac9evolution13lora_finetuneNtB6_13LoRAFineTuner26generate_synthetic_dataset00Ba_
FN:174,_RNCNCNvMNtNtCs4fBZ6wQtzev_14cathedral_qvac9evolution13lora_finetuneNtB6_13LoRAFineTuner26generate_synthetic_dataset0s_0Ba_
FN:77,_RNCNCNvMNtNtCs4fBZ6wQtzev_14cathedral_qvac9evolution13lora_finetuneNtB6_13LoRAFineTuner8finetune00Ba_
FN:97,_RNCNCNvMNtNtCs4fBZ6wQtzev_14cathedral_qvac9evolution13lora_finetuneNtB6_13LoRAFineTuner8finetune0s_0Ba_
FN:274,_RNCNCNvMs_NtNtCs4fBZ6wQtzev_14cathedral_qvac9evolution13lora_finetuneNtNtBa_4sepl19AutogenesisOperator11commit_lora00Bc_
FN:151,_RNCNvMNtNtCs4fBZ6wQtzev_14cathedral_qvac9evolution13lora_finetuneNtB4_13LoRAFineTuner15save_temp_model0B8_
FN:136,_RNCNvMNtNtCs4fBZ6wQtzev_14cathedral_qvac9evolution13lora_finetuneNtB4_13LoRAFineTuner17run_qvac_finetune0B8_
FN:161,_RNCNvMNtNtCs4fBZ6wQtzev_14cathedral_qvac9evolution13lora_finetuneNtB4_13LoRAFineTuner26generate_synthetic_dataset0B8_
FN:70,_RNCNvMNtNtCs4fBZ6wQtzev_14cathedral_qvac9evolution13lora_finetuneNtB4_13LoRAFineTuner8finetune0B8_
FN:241,_RNCNvMs_NtNtCs4fBZ6wQtzev_14cathedral_qvac9evolution13lora_finetuneNtNtB8_4sepl19AutogenesisOperator11commit_lora0Ba_
FN:186,_RNCNvMs_NtNtCs4fBZ6wQtzev_14cathedral_qvac9evolution13lora_finetuneNtNtB8_4sepl19AutogenesisOperator12propose_lora0Ba_
FN:151,_RNvMNtNtCs4fBZ6wQtzev_14cathedral_qvac9evolution13lora_finetuneNtB2_13LoRAFineTuner15save_temp_model
FN:131,_RNvMNtNtCs4fBZ6wQtzev_14cathedral_qvac9evolution13lora_finetuneNtB2_13LoRAFineTuner17run_qvac_finetune
FN:161,_RNvMNtNtCs4fBZ6wQtzev_14cathedral_qvac9evolution13lora_finetuneNtB2_13LoRAFineTuner26generate_synthetic_dataset
FN:54,_RNvMNtNtCs4fBZ6wQtzev_14cathedral_qvac9evolution13lora_finetuneNtB2_13LoRAFineTuner3new
FN:66,_RNvMNtNtCs4fBZ6wQtzev_14cathedral_qvac9evolution13lora_finetuneNtB2_13LoRAFineTuner8finetune
FN:235,_RNvMs_NtNtCs4fBZ6wQtzev_14cathedral_qvac9evolution13lora_finetuneNtNtB6_4sepl19AutogenesisOperator11commit_lora
FN:180,_RNvMs_NtNtCs4fBZ6wQtzev_14cathedral_qvac9evolution13lora_finetuneNtNtB6_4sepl19AutogenesisOperator12propose_lora
FNDA:0,_RNCNCNvMNtNtCs4fBZ6wQtzev_14cathedral_qvac9evolution13lora_finetuneNtB6_13LoRAFineTuner15save_temp_model00Ba_
FNDA:0,_RNCNCNvMNtNtCs4fBZ6wQtzev_14cathedral_qvac9evolution13lora_finetuneNtB6_13LoRAFineTuner15save_temp_model0s_0Ba_
FNDA:0,_RNCNCNvMNtNtCs4fBZ6wQtzev_14cathedral_qvac9evolution13lora_finetuneNtB6_13LoRAFineTuner26generate_synthetic_dataset00Ba_
FNDA:0,_RNCNCNvMNtNtCs4fBZ6wQtzev_14cathedral_qvac9evolution13lora_finetuneNtB6_13LoRAFineTuner26generate_synthetic_dataset0s_0Ba_
FNDA:0,_RNCNCNvMNtNtCs4fBZ6wQtzev_14cathedral_qvac9evolution13lora_finetuneNtB6_13LoRAFineTuner8finetune00Ba_
FNDA:0,_RNCNCNvMNtNtCs4fBZ6wQtzev_14cathedral_qvac9evolution13lora_finetuneNtB6_13LoRAFineTuner8finetune0s_0Ba_
FNDA:0,_RNCNCNvMs_NtNtCs4fBZ6wQtzev_14cathedral_qvac9evolution13lora_finetuneNtNtBa_4sepl19AutogenesisOperator11commit_lora00Bc_
FNDA:0,_RNCNvMNtNtCs4fBZ6wQtzev_14cathedral_qvac9evolution13lora_finetuneNtB4_13LoRAFineTuner15save_temp_model0B8_
FNDA:0,_RNCNvMNtNtCs4fBZ6wQtzev_14cathedral_qvac9evolution13lora_finetuneNtB4_13LoRAFineTuner17run_qvac_finetune0B8_
FNDA:0,_RNCNvMNtNtCs4fBZ6wQtzev_14cathedral_qvac9evolution13lora_finetuneNtB4_13LoRAFineTuner26generate_synthetic_dataset0B8_
FNDA:0,_RNCNvMNtNtCs4fBZ6wQtzev_14cathedral_qvac9evolution13lora_finetuneNtB4_13LoRAFineTuner8finetune0B8_
FNDA:0,_RNCNvMs_NtNtCs4fBZ6wQtzev_14cathedral_qvac9evolution13lora_finetuneNtNtB8_4sepl19AutogenesisOperator11commit_lora0Ba_
FNDA:0,_RNCNvMs_NtNtCs4fBZ6wQtzev_14cathedral_qvac9evolution13lora_finetuneNtNtB8_4sepl19AutogenesisOperator12propose_lora0Ba_
FNDA:0,_RNvMNtNtCs4fBZ6wQtzev_14cathedral_qvac9evolution13lora_finetuneNtB2_13LoRAFineTuner15save_temp_model
FNDA:0,_RNvMNtNtCs4fBZ6wQtzev_14cathedral_qvac9evolution13lora_finetuneNtB2_13LoRAFineTuner17run_qvac_finetune
FNDA:0,_RNvMNtNtCs4fBZ6wQtzev_14cathedral_qvac9evolution13lora_finetuneNtB2_13LoRAFineTuner26generate_synthetic_dataset
FNDA:0,_RNvMNtNtCs4fBZ6wQtzev_14cathedral_qvac9evolution13lora_finetuneNtB2_13LoRAFineTuner3new
FNDA:0,_RNvMNtNtCs4fBZ6wQtzev_14cathedral_qvac9evolution13lora_finetuneNtB2_13LoRAFineTuner8finetune
FNDA:0,_RNvMs_NtNtCs4fBZ6wQtzev_14cathedral_qvac9evolution13lora_finetuneNtNtB6_4sepl19AutogenesisOperator11commit_lora
FNDA:0,_RNvMs_NtNtCs4fBZ6wQtzev_14cathedral_qvac9evolution13lora_finetuneNtNtB6_4sepl19AutogenesisOperator12propose_lora
FNF:20
FNH:0
DA:54,0
DA:55,0
DA:56,0
DA:57,0
DA:58,0
DA:59,0
DA:60,0
DA:61,0
DA:62,0
DA:63,0
DA:64,0
DA:66,0
DA:67,0
DA:68,0
DA:69,0
DA:70,0
DA:71,0
DA:73,0
DA:74,0
DA:75,0
DA:76,0
DA:77,0
DA:78,0
DA:80,0
DA:81,0
DA:83,0
DA:84,0
DA:88,0
DA:89,0
DA:90,0
DA:92,0
DA:93,0
DA:94,0
DA:95,0
DA:96,0
DA:97,0
DA:99,0
DA:100,0
DA:101,0
DA:102,0
DA:103,0
DA:104,0
DA:105,0
DA:106,0
DA:108,0
DA:109,0
DA:110,0
DA:111,0
DA:112,0
DA:113,0
DA:115,0
DA:116,0
DA:117,0
DA:118,0
DA:119,0
DA:120,0
DA:121,0
DA:122,0
DA:123,0
DA:124,0
DA:125,0
DA:127,0
DA:128,0
DA:129,0
DA:131,0
DA:132,0
DA:133,0
DA:134,0
DA:135,0
DA:136,0
DA:137,0
DA:138,0
DA:139,0
DA:140,0
DA:141,0
DA:142,0
DA:143,0
DA:144,0
DA:145,0
DA:146,0
DA:147,0
DA:148,0
DA:149,0
DA:151,0
DA:152,0
DA:153,0
DA:154,0
DA:155,0
DA:156,0
DA:157,0
DA:158,0
DA:159,0
DA:161,0
DA:162,0
DA:163,0
DA:164,0
DA:165,0
DA:166,0
DA:167,0
DA:168,0
DA:169,0
DA:170,0
DA:173,0
DA:174,0
DA:175,0
DA:176,0
DA:180,0
DA:181,0
DA:182,0
DA:183,0
DA:184,0
DA:185,0
DA:186,0
DA:187,0
DA:192,0
DA:197,0
DA:198,0
DA:199,0
DA:200,0
DA:201,0
DA:202,0
DA:204,0
DA:205,0
DA:206,0
DA:207,0
DA:208,0
DA:209,0
DA:210,0
DA:211,0
DA:212,0
DA:213,0
DA:214,0
DA:216,0
DA:217,0
DA:218,0
DA:219,0
DA:220,0
DA:221,0
DA:222,0
DA:223,0
DA:224,0
DA:225,0
DA:226,0
DA:227,0
DA:228,0
DA:229,0
DA:230,0
DA:231,0
DA:232,0
DA:233,0
DA:235,0
DA:236,0
DA:237,0
DA:238,0
DA:239,0
DA:240,0
DA:241,0
DA:242,0
DA:243,0
DA:244,0
DA:246,0
DA:251,0
DA:252,0
DA:253,0
DA:254,0
DA:256,0
DA:258,0
DA:259,0
DA:260,0
DA:262,0
DA:263,0
DA:264,0
DA:265,0
DA:266,0
DA:268,0
DA:269,0
DA:270,0
DA:273,0
DA:274,0
DA:276,0
DA:277,0
DA:278,0
BRF:0
BRH:0
LF:195
LH:0
end_of_record
SF:/app/src/evolution/pipeline.rs
FN:5,_RNvMNtNtCs4fBZ6wQtzev_14cathedral_qvac9evolution8pipelineNtB2_17EvolutionPipeline3new
FNDA:0,_RNvMNtNtCs4fBZ6wQtzev_14cathedral_qvac9evolution8pipelineNtB2_17EvolutionPipeline3new
FNF:1
FNH:0
DA:5,0
DA:6,0
DA:7,0
DA:8,0
DA:9,0
DA:10,0
DA:11,0
DA:12,0
BRF:0
BRH:0
LF:8
LH:0
end_of_record
SF:/app/src/evolution/registry.rs
FN:85,_RNCNvMs_NtNtCs4fBZ6wQtzev_14cathedral_qvac9evolution8registryNtB6_16ResourceRegistry10get_secret0Ba_
FN:47,_RNCNvMs_NtNtCs4fBZ6wQtzev_14cathedral_qvac9evolution8registryNtB6_16ResourceRegistry10get_wallet0Ba_
FN:66,_RNCNvMs_NtNtCs4fBZ6wQtzev_14cathedral_qvac9evolution8registryNtB6_16ResourceRegistry12get_identity0Ba_
FN:80,_RNCNvMs_NtNtCs4fBZ6wQtzev_14cathedral_qvac9evolution8registryNtB6_16ResourceRegistry15register_secret0Ba_
FN:38,_RNCNvMs_NtNtCs4fBZ6wQtzev_14cathedral_qvac9evolution8registryNtB6_16ResourceRegistry15register_wallet0Ba_
FN:61,_RNCNvMs_NtNtCs4fBZ6wQtzev_14cathedral_qvac9evolution8registryNtB6_16ResourceRegistry17register_identity0Ba_
FN:30,_RNCNvMs_NtNtCs4fBZ6wQtzev_14cathedral_qvac9evolution8registryNtB6_16ResourceRegistry3get0Ba_
FN:34,_RNCNvMs_NtNtCs4fBZ6wQtzev_14cathedral_qvac9evolution8registryNtB6_16ResourceRegistry7get_mut0Ba_
FN:24,_RNCNvMs_NtNtCs4fBZ6wQtzev_14cathedral_qvac9evolution8registryNtB6_16ResourceRegistry8register0Ba_
FN:85,_RNvMs_NtNtCs4fBZ6wQtzev_14cathedral_qvac9evolution8registryNtB4_16ResourceRegistry10get_secret
FN:43,_RNvMs_NtNtCs4fBZ6wQtzev_14cathedral_qvac9evolution8registryNtB4_16ResourceRegistry10get_wallet
FN:66,_RNvMs_NtNtCs4fBZ6wQtzev_14cathedral_qvac9evolution8registryNtB4_16ResourceRegistry12get_identity
FN:80,_RNvMs_NtNtCs4fBZ6wQtzev_14cathedral_qvac9evolution8registryNtB4_16ResourceRegistry15register_secret
FN:38,_RNvMs_NtNtCs4fBZ6wQtzev_14cathedral_qvac9evolution8registryNtB4_16ResourceRegistry15register_wallet
FN:61,_RNvMs_NtNtCs4fBZ6wQtzev_14cathedral_qvac9evolution8registryNtB4_16ResourceRegistry17register_identity
FN:30,_RNvMs_NtNtCs4fBZ6wQtzev_14cathedral_qvac9evolution8registryNtB4_16ResourceRegistry3get
FN:18,_RNvMs_NtNtCs4fBZ6wQtzev_14cathedral_qvac9evolution8registryNtB4_16ResourceRegistry3new
FN:34,_RNvMs_NtNtCs4fBZ6wQtzev_14cathedral_qvac9evolution8registryNtB4_16ResourceRegistry7get_mut
FN:24,_RNvMs_NtNtCs4fBZ6wQtzev_14cathedral_qvac9evolution8registryNtB4_16ResourceRegistry8register
FN:12,_RNvXNtNtCs4fBZ6wQtzev_14cathedral_qvac9evolution8registryNtB2_16ResourceRegistryNtNtCs4kUJL3MZFFz_4core7default7Default7default
FNDA:0,_RNCNvMs_NtNtCs4fBZ6wQtzev_14cathedral_qvac9evolution8registryNtB6_16ResourceRegistry10get_secret0Ba_
FNDA:0,_RNCNvMs_NtNtCs4fBZ6wQtzev_14cathedral_qvac9evolution8registryNtB6_16ResourceRegistry10get_wallet0Ba_
FNDA:0,_RNCNvMs_NtNtCs4fBZ6wQtzev_14cathedral_qvac9evolution8registryNtB6_16ResourceRegistry12get_identity0Ba_
FNDA:0,_RNCNvMs_NtNtCs4fBZ6wQtzev_14cathedral_qvac9evolution8registryNtB6_16ResourceRegistry15register_secret0Ba_
FNDA:0,_RNCNvMs_NtNtCs4fBZ6wQtzev_14cathedral_qvac9evolution8registryNtB6_16ResourceRegistry15register_wallet0Ba_
FNDA:0,_RNCNvMs_NtNtCs4fBZ6wQtzev_14cathedral_qvac9evolution8registryNtB6_16ResourceRegistry17register_identity0Ba_
FNDA:0,_RNCNvMs_NtNtCs4fBZ6wQtzev_14cathedral_qvac9evolution8registryNtB6_16ResourceRegistry3get0Ba_
FNDA:0,_RNCNvMs_NtNtCs4fBZ6wQtzev_14cathedral_qvac9evolution8registryNtB6_16ResourceRegistry7get_mut0Ba_
FNDA:0,_RNCNvMs_NtNtCs4fBZ6wQtzev_14cathedral_qvac9evolution8registryNtB6_16ResourceRegistry8register0Ba_
FNDA:0,_RNvMs_NtNtCs4fBZ6wQtzev_14cathedral_qvac9evolution8registryNtB4_16ResourceRegistry10get_secret
FNDA:0,_RNvMs_NtNtCs4fBZ6wQtzev_14cathedral_qvac9evolution8registryNtB4_16ResourceRegistry10get_wallet
FNDA:0,_RNvMs_NtNtCs4fBZ6wQtzev_14cathedral_qvac9evolution8registryNtB4_16ResourceRegistry12get_identity
FNDA:0,_RNvMs_NtNtCs4fBZ6wQtzev_14cathedral_qvac9evolution8registryNtB4_16ResourceRegistry15register_secret
FNDA:0,_RNvMs_NtNtCs4fBZ6wQtzev_14cathedral_qvac9evolution8registryNtB4_16ResourceRegistry15register_wallet
FNDA:0,_RNvMs_NtNtCs4fBZ6wQtzev_14cathedral_qvac9evolution8registryNtB4_16ResourceRegistry17register_identity
FNDA:0,_RNvMs_NtNtCs4fBZ6wQtzev_14cathedral_qvac9evolution8registryNtB4_16ResourceRegistry3get
FNDA:0,_RNvMs_NtNtCs4fBZ6wQtzev_14cathedral_qvac9evolution8registryNtB4_16ResourceRegistry3new
FNDA:0,_RNvMs_NtNtCs4fBZ6wQtzev_14cathedral_qvac9evolution8registryNtB4_16ResourceRegistry7get_mut
FNDA:0,_RNvMs_NtNtCs4fBZ6wQtzev_14cathedral_qvac9evolution8registryNtB4_16ResourceRegistry8register
FNDA:0,_RNvXNtNtCs4fBZ6wQtzev_14cathedral_qvac9evolution8registryNtB2_16ResourceRegistryNtNtCs4kUJL3MZFFz_4core7default7Default7default
FNF:20
FNH:0
DA:12,0
DA:13,0
DA:14,0
DA:18,0
DA:19,0
DA:20,0
DA:21,0
DA:22,0
DA:24,0
DA:25,0
DA:26,0
DA:27,0
DA:28,0
DA:30,0
DA:31,0
DA:32,0
DA:34,0
DA:35,0
DA:36,0
DA:38,0
DA:39,0
DA:40,0
DA:41,0
DA:43,0
DA:44,0
DA:45,0
DA:46,0
DA:47,0
DA:48,0
DA:49,0
DA:50,0
DA:51,0
DA:52,0
DA:54,0
DA:57,0
DA:59,0
DA:61,0
DA:62,0
DA:63,0
DA:64,0
DA:66,0
DA:67,0
DA:68,0
DA:69,0
DA:70,0
DA:71,0
DA:73,0
DA:76,0
DA:78,0
DA:80,0
DA:81,0
DA:82,0
DA:83,0
DA:85,0
DA:86,0
DA:87,0
DA:88,0
DA:89,0
DA:90,0
DA:92,0
DA:95,0
DA:97,0
BRF:0
BRH:0
LF:71
LH:0
end_of_record
SF:/app/src/evolution/resource.rs
FN:59,_RNvMNtNtCs4fBZ6wQtzev_14cathedral_qvac9evolution8resourceNtB2_13SkillResource10from_skill
FN:92,_RNvXs_NtNtCs4fBZ6wQtzev_14cathedral_qvac9evolution8resourceNtB4_13SkillResourceNtB4_8Resource10as_any_mut
FN:98,_RNvXs_NtNtCs4fBZ6wQtzev_14cathedral_qvac9evolution8resourceNtB4_13SkillResourceNtB4_8Resource10from_bytes
FN:86,_RNvXs_NtNtCs4fBZ6wQtzev_14cathedral_qvac9evolution8resourceNtB4_13SkillResourceNtB4_8Resource12metadata_mut
FN:89,_RNvXs_NtNtCs4fBZ6wQtzev_14cathedral_qvac9evolution8resourceNtB4_13SkillResourceNtB4_8Resource6as_any
FN:83,_RNvXs_NtNtCs4fBZ6wQtzev_14cathedral_qvac9evolution8resourceNtB4_13SkillResourceNtB4_8Resource8metadata
FN:95,_RNvXs_NtNtCs4fBZ6wQtzev_14cathedral_qvac9evolution8resourceNtB4_13SkillResourceNtB4_8Resource8to_bytes
FN:12,_RNvYpNtNtNtCs4fBZ6wQtzev_14cathedral_qvac9evolution8resource8Resource12bump_versionB9_
FN:13,_RNvYpNtNtNtCs4fBZ6wQtzev_14cathedral_qvac9evolution8resource8Resource14add_provenanceB9_
FNDA:0,_RNvMNtNtCs4fBZ6wQtzev_14cathedral_qvac9evolution8resourceNtB2_13SkillResource10from_skill
FNDA:0,_RNvXs_NtNtCs4fBZ6wQtzev_14cathedral_qvac9evolution8resourceNtB4_13SkillResourceNtB4_8Resource10as_any_mut
FNDA:0,_RNvXs_NtNtCs4fBZ6wQtzev_14cathedral_qvac9evolution8resourceNtB4_13SkillResourceNtB4_8Resource10from_bytes
FNDA:0,_RNvXs_NtNtCs4fBZ6wQtzev_14cathedral_qvac9evolution8resourceNtB4_13SkillResourceNtB4_8Resource12metadata_mut
FNDA:0,_RNvXs_NtNtCs4fBZ6wQtzev_14cathedral_qvac9evolution8resourceNtB4_13SkillResourceNtB4_8Resource6as_any
FNDA:0,_RNvXs_NtNtCs4fBZ6wQtzev_14cathedral_qvac9evolution8resourceNtB4_13SkillResourceNtB4_8Resource8metadata
FNDA:0,_RNvXs_NtNtCs4fBZ6wQtzev_14cathedral_qvac9evolution8resourceNtB4_13SkillResourceNtB4_8Resource8to_bytes
FNDA:0,_RNvYpNtNtNtCs4fBZ6wQtzev_14cathedral_qvac9evolution8resource8Resource12bump_versionB9_
FNDA:0,_RNvYpNtNtNtCs4fBZ6wQtzev_14cathedral_qvac9evolution8resource8Resource14add_provenanceB9_
FNF:9
FNH:0
DA:12,0
DA:13,0
DA:14,0
DA:15,0
DA:16,0
DA:17,0
DA:18,0
DA:19,0
DA:20,0
DA:21,0
DA:59,0
DA:60,0
DA:61,0
DA:62,0
DA:63,0
DA:64,0
DA:65,0
DA:66,0
DA:67,0
DA:68,0
DA:69,0
DA:70,0
DA:71,0
DA:72,0
DA:73,0
DA:74,0
DA:75,0
DA:76,0
DA:77,0
DA:78,0
DA:79,0
DA:80,0
DA:83,0
DA:84,0
DA:85,0
DA:86,0
DA:87,0
DA:88,0
DA:89,0
DA:90,0
DA:91,0
DA:92,0
DA:93,0
DA:94,0
DA:95,0
DA:96,0
DA:97,0
DA:98,0
DA:99,0
DA:100,0
BRF:0
BRH:0
LF:50
LH:0
end_of_record
SF:/app/src/evolution/sandbox.rs
FN:3,_RNCNvMNtNtCs4fBZ6wQtzev_14cathedral_qvac9evolution7sandboxNtB4_19WasiPreview2Sandbox3new0B8_
FN:3,_RNvMNtNtCs4fBZ6wQtzev_14cathedral_qvac9evolution7sandboxNtB2_19WasiPreview2Sandbox3new
FNDA:0,_RNCNvMNtNtCs4fBZ6wQtzev_14cathedral_qvac9evolution7sandboxNtB4_19WasiPreview2Sandbox3new0B8_
FNDA:0,_RNvMNtNtCs4fBZ6wQtzev_14cathedral_qvac9evolution7sandboxNtB2_19WasiPreview2Sandbox3new
FNF:2
FNH:0
DA:3,0
DA:4,0
DA:5,0
BRF:0
BRH:0
LF:4
LH:0
end_of_record
SF:/app/src/evolution/secret_resource.rs
FN:87,_RNCNCNvMNtNtCs4fBZ6wQtzev_14cathedral_qvac9evolution15secret_resourceNtB6_14SecretResource10get_secret00Ba_
FN:102,_RNCNCNvMNtNtCs4fBZ6wQtzev_14cathedral_qvac9evolution15secret_resourceNtB6_14SecretResource10set_secret00Ba_
FN:123,_RNCNCNvMNtNtCs4fBZ6wQtzev_14cathedral_qvac9evolution15secret_resourceNtB6_14SecretResource13delete_secret00Ba_
FN:124,_RNCNCNvMNtNtCs4fBZ6wQtzev_14cathedral_qvac9evolution15secret_resourceNtB6_14SecretResource13delete_secret0s_0Ba_
FN:143,_RNCNCNvMNtNtCs4fBZ6wQtzev_14cathedral_qvac9evolution15secret_resourceNtB6_14SecretResource13rotate_secret00Ba_
FN:144,_RNCNCNvMNtNtCs4fBZ6wQtzev_14cathedral_qvac9evolution15secret_resourceNtB6_14SecretResource13rotate_secret0s_0Ba_
FN:86,_RNCNvMNtNtCs4fBZ6wQtzev_14cathedral_qvac9evolution15secret_resourceNtB4_14SecretResource10get_secret0B8_
FN:101,_RNCNvMNtNtCs4fBZ6wQtzev_14cathedral_qvac9evolution15secret_resourceNtB4_14SecretResource10set_secret0B8_
FN:119,_RNCNvMNtNtCs4fBZ6wQtzev_14cathedral_qvac9evolution15secret_resourceNtB4_14SecretResource13delete_secret0B8_
FN:138,_RNCNvMNtNtCs4fBZ6wQtzev_14cathedral_qvac9evolution15secret_resourceNtB4_14SecretResource13rotate_secret0B8_
FN:181,_RNCNvXs_NtNtCs4fBZ6wQtzev_14cathedral_qvac9evolution15secret_resourceNtB6_14SecretResourceNtNtB8_8resource8Resource10from_bytes0Ba_
FN:177,_RNCNvXs_NtNtCs4fBZ6wQtzev_14cathedral_qvac9evolution15secret_resourceNtB6_14SecretResourceNtNtB8_8resource8Resource8to_bytes0Ba_
FN:86,_RNvMNtNtCs4fBZ6wQtzev_14cathedral_qvac9evolution15secret_resourceNtB2_14SecretResource10get_secret
FN:101,_RNvMNtNtCs4fBZ6wQtzev_14cathedral_qvac9evolution15secret_resourceNtB2_14SecretResource10set_secret
FN:119,_RNvMNtNtCs4fBZ6wQtzev_14cathedral_qvac9evolution15secret_resourceNtB2_14SecretResource13delete_secret
FN:138,_RNvMNtNtCs4fBZ6wQtzev_14cathedral_qvac9evolution15secret_resourceNtB2_14SecretResource13rotate_secret
FN:46,_RNvMNtNtCs4fBZ6wQtzev_14cathedral_qvac9evolution15secret_resourceNtB2_14SecretResource3new
FN:173,_RNvXs_NtNtCs4fBZ6wQtzev_14cathedral_qvac9evolution15secret_resourceNtB4_14SecretResourceNtNtB6_8resource8Resource10as_any_mut
FN:179,_RNvXs_NtNtCs4fBZ6wQtzev_14cathedral_qvac9evolution15secret_resourceNtB4_14SecretResourceNtNtB6_8resource8Resource10from_bytes
FN:167,_RNvXs_NtNtCs4fBZ6wQtzev_14cathedral_qvac9evolution15secret_resourceNtB4_14SecretResourceNtNtB6_8resource8Resource12metadata_mut
FN:170,_RNvXs_NtNtCs4fBZ6wQtzev_14cathedral_qvac9evolution15secret_resourceNtB4_14SecretResourceNtNtB6_8resource8Resource6as_any
FN:164,_RNvXs_NtNtCs4fBZ6wQtzev_14cathedral_qvac9evolution15secret_resourceNtB4_14SecretResourceNtNtB6_8resource8Resource8metadata
FN:176,_RNvXs_NtNtCs4fBZ6wQtzev_14cathedral_qvac9evolution15secret_resourceNtB4_14SecretResourceNtNtB6_8resource8Resource8to_bytes
FNDA:0,_RNCNCNvMNtNtCs4fBZ6wQtzev_14cathedral_qvac9evolution15secret_resourceNtB6_14SecretResource10get_secret00Ba_
FNDA:0,_RNCNCNvMNtNtCs4fBZ6wQtzev_14cathedral_qvac9evolution15secret_resourceNtB6_14SecretResource10set_secret00Ba_
FNDA:0,_RNCNCNvMNtNtCs4fBZ6wQtzev_14cathedral_qvac9evolution15secret_resourceNtB6_14SecretResource13delete_secret00Ba_
FNDA:0,_RNCNCNvMNtNtCs4fBZ6wQtzev_14cathedral_qvac9evolution15secret_resourceNtB6_14SecretResource13delete_secret0s_0Ba_
FNDA:0,_RNCNCNvMNtNtCs4fBZ6wQtzev_14cathedral_qvac9evolution15secret_resourceNtB6_14SecretResource13rotate_secret00Ba_
FNDA:0,_RNCNCNvMNtNtCs4fBZ6wQtzev_14cathedral_qvac9evolution15secret_resourceNtB6_14SecretResource13rotate_secret0s_0Ba_
FNDA:0,_RNCNvMNtNtCs4fBZ6wQtzev_14cathedral_qvac9evolution15secret_resourceNtB4_14SecretResource10get_secret0B8_
FNDA:0,_RNCNvMNtNtCs4fBZ6wQtzev_14cathedral_qvac9evolution15secret_resourceNtB4_14SecretResource10set_secret0B8_
FNDA:0,_RNCNvMNtNtCs4fBZ6wQtzev_14cathedral_qvac9evolution15secret_resourceNtB4_14SecretResource13delete_secret0B8_
FNDA:0,_RNCNvMNtNtCs4fBZ6wQtzev_14cathedral_qvac9evolution15secret_resourceNtB4_14SecretResource13rotate_secret0B8_
FNDA:0,_RNCNvXs_NtNtCs4fBZ6wQtzev_14cathedral_qvac9evolution15secret_resourceNtB6_14SecretResourceNtNtB8_8resource8Resource10from_bytes0Ba_
FNDA:0,_RNCNvXs_NtNtCs4fBZ6wQtzev_14cathedral_qvac9evolution15secret_resourceNtB6_14SecretResourceNtNtB8_8resource8Resource8to_bytes0Ba_
FNDA:0,_RNvMNtNtCs4fBZ6wQtzev_14cathedral_qvac9evolution15secret_resourceNtB2_14SecretResource10get_secret
FNDA:0,_RNvMNtNtCs4fBZ6wQtzev_14cathedral_qvac9evolution15secret_resourceNtB2_14SecretResource10set_secret
FNDA:0,_RNvMNtNtCs4fBZ6wQtzev_14cathedral_qvac9evolution15secret_resourceNtB2_14SecretResource13delete_secret
FNDA:0,_RNvMNtNtCs4fBZ6wQtzev_14cathedral_qvac9evolution15secret_resourceNtB2_14SecretResource13rotate_secret
FNDA:0,_RNvMNtNtCs4fBZ6wQtzev_14cathedral_qvac9evolution15secret_resourceNtB2_14SecretResource3new
FNDA:0,_RNvXs_NtNtCs4fBZ6wQtzev_14cathedral_qvac9evolution15secret_resourceNtB4_14SecretResourceNtNtB6_8resource8Resource10as_any_mut
FNDA:0,_RNvXs_NtNtCs4fBZ6wQtzev_14cathedral_qvac9evolution15secret_resourceNtB4_14SecretResourceNtNtB6_8resource8Resource10from_bytes
FNDA:0,_RNvXs_NtNtCs4fBZ6wQtzev_14cathedral_qvac9evolution15secret_resourceNtB4_14SecretResourceNtNtB6_8resource8Resource12metadata_mut
FNDA:0,_RNvXs_NtNtCs4fBZ6wQtzev_14cathedral_qvac9evolution15secret_resourceNtB4_14SecretResourceNtNtB6_8resource8Resource6as_any
FNDA:0,_RNvXs_NtNtCs4fBZ6wQtzev_14cathedral_qvac9evolution15secret_resourceNtB4_14SecretResourceNtNtB6_8resource8Resource8metadata
FNDA:0,_RNvXs_NtNtCs4fBZ6wQtzev_14cathedral_qvac9evolution15secret_resourceNtB4_14SecretResourceNtNtB6_8resource8Resource8to_bytes
FNF:23
FNH:0
DA:46,0
DA:47,0
DA:48,0
DA:49,0
DA:50,0
DA:51,0
DA:52,0
DA:53,0
DA:54,0
DA:55,0
DA:56,0
DA:57,0
DA:58,0
DA:59,0
DA:60,0
DA:61,0
DA:62,0
DA:63,0
DA:64,0
DA:65,0
DA:67,0
DA:68,0
DA:69,0
DA:70,0
DA:71,0
DA:72,0
DA:73,0
DA:74,0
DA:75,0
DA:76,0
DA:77,0
DA:78,0
DA:79,0
DA:80,0
DA:81,0
DA:82,0
DA:83,0
DA:84,0
DA:86,0
DA:87,0
DA:88,0
DA:89,0
DA:90,0
DA:91,0
DA:92,0
DA:93,0
DA:94,0
DA:95,0
DA:96,0
DA:97,0
DA:98,0
DA:99,0
DA:101,0
DA:102,0
DA:103,0
DA:104,0
DA:105,0
DA:106,0
DA:107,0
DA:108,0
DA:109,0
DA:110,0
DA:111,0
DA:112,0
DA:113,0
DA:114,0
DA:116,0
DA:117,0
DA:119,0
DA:120,0
DA:121,0
DA:122,0
DA:123,0
DA:124,0
DA:125,0
DA:126,0
DA:127,0
DA:128,0
DA:129,0
DA:130,0
DA:131,0
DA:132,0
DA:133,0
DA:135,0
DA:136,0
DA:138,0
DA:139,0
DA:140,0
DA:141,0
DA:142,0
DA:143,0
DA:144,0
DA:145,0
DA:146,0
DA:147,0
DA:148,0
DA:150,0
DA:151,0
DA:152,0
DA:153,0
DA:154,0
DA:155,0
DA:156,0
DA:157,0
DA:159,0
DA:160,0
DA:164,0
DA:165,0
DA:166,0
DA:167,0
DA:168,0
DA:169,0
DA:170,0
DA:171,0
DA:172,0
DA:173,0
DA:174,0
DA:175,0
DA:176,0
DA:177,0
DA:178,0
DA:179,0
DA:180,0
DA:181,0
DA:182,0
BRF:0
BRH:0
LF:137
LH:0
end_of_record
SF:/app/src/evolution/sepl.rs
FN:30,_RNCNvMNtNtCs4fBZ6wQtzev_14cathedral_qvac9evolution4seplNtB4_19AutogenesisOperator13new_with_qvac0B8_
FN:57,_RNCNvMNtNtCs4fBZ6wQtzev_14cathedral_qvac9evolution4seplNtB4_19AutogenesisOperator19infer_with_strategy0B8_
FN:121,_RNCNvMNtNtCs4fBZ6wQtzev_14cathedral_qvac9evolution4seplNtB4_19AutogenesisOperator7propose0B8_
FN:82,_RNCNvMNtNtCs4fBZ6wQtzev_14cathedral_qvac9evolution4seplNtB4_19AutogenesisOperator7reflect0B8_
FN:49,_RNvMNtNtCs4fBZ6wQtzev_14cathedral_qvac9evolution4seplNtB2_19AutogenesisOperator12disable_qvac
FN:22,_RNvMNtNtCs4fBZ6wQtzev_14cathedral_qvac9evolution4seplNtB2_19AutogenesisOperator13new_with_qvac
FN:53,_RNvMNtNtCs4fBZ6wQtzev_14cathedral_qvac9evolution4seplNtB2_19AutogenesisOperator19infer_with_strategy
FN:117,_RNvMNtNtCs4fBZ6wQtzev_14cathedral_qvac9evolution4seplNtB2_19AutogenesisOperator7propose
FN:78,_RNvMNtNtCs4fBZ6wQtzev_14cathedral_qvac9evolution4seplNtB2_19AutogenesisOperator7reflect
FNDA:0,_RNCNvMNtNtCs4fBZ6wQtzev_14cathedral_qvac9evolution4seplNtB4_19AutogenesisOperator13new_with_qvac0B8_
FNDA:0,_RNCNvMNtNtCs4fBZ6wQtzev_14cathedral_qvac9evolution4seplNtB4_19AutogenesisOperator19infer_with_strategy0B8_
FNDA:0,_RNCNvMNtNtCs4fBZ6wQtzev_14cathedral_qvac9evolution4seplNtB4_19AutogenesisOperator7propose0B8_
FNDA:0,_RNCNvMNtNtCs4fBZ6wQtzev_14cathedral_qvac9evolution4seplNtB4_19AutogenesisOperator7reflect0B8_
FNDA:0,_RNvMNtNtCs4fBZ6wQtzev_14cathedral_qvac9evolution4seplNtB2_19AutogenesisOperator12disable_qvac
FNDA:0,_RNvMNtNtCs4fBZ6wQtzev_14cathedral_qvac9evolution4seplNtB2_19AutogenesisOperator13new_with_qvac
FNDA:0,_RNvMNtNtCs4fBZ6wQtzev_14cathedral_qvac9evolution4seplNtB2_19AutogenesisOperator19infer_with_strategy
FNDA:0,_RNvMNtNtCs4fBZ6wQtzev_14cathedral_qvac9evolution4seplNtB2_19AutogenesisOperator7propose
FNDA:0,_RNvMNtNtCs4fBZ6wQtzev_14cathedral_qvac9evolution4seplNtB2_19AutogenesisOperator7reflect
FNF:9
FNH:0
DA:22,0
DA:23,0
DA:24,0
DA:25,0
DA:26,0
DA:27,0
DA:28,0
DA:29,0
DA:30,0
DA:31,0
DA:32,0
DA:33,0
DA:34,0
DA:35,0
DA:38,0
DA:39,0
DA:40,0
DA:41,0
DA:42,0
DA:43,0
DA:44,0
DA:45,0
DA:46,0
DA:47,0
DA:49,0
DA:50,0
DA:51,0
DA:53,0
DA:54,0
DA:55,0
DA:56,0
DA:57,0
DA:58,0
DA:59,0
DA:60,0
DA:61,0
DA:62,0
DA:63,0
DA:65,0
DA:66,0
DA:69,0
DA:70,0
DA:72,0
DA:73,0
DA:74,0
DA:75,0
DA:76,0
DA:78,0
DA:79,0
DA:80,0
DA:81,0
DA:82,0
DA:83,0
DA:88,0
DA:89,0
DA:90,0
DA:91,0
DA:92,0
DA:94,0
DA:97,0
DA:98,0
DA:99,0
DA:100,0
DA:101,0
DA:102,0
DA:103,0
DA:104,0
DA:106,0
DA:107,0
DA:108,0
DA:109,0
DA:110,0
DA:111,0
DA:112,0
DA:113,0
DA:114,0
DA:115,0
DA:117,0
DA:118,0
DA:119,0
DA:120,0
DA:121,0
DA:122,0
DA:127,0
DA:132,0
DA:133,0
DA:134,0
DA:135,0
DA:136,0
DA:137,0
DA:138,0
DA:139,0
DA:141,0
DA:142,0
DA:143,0
DA:144,0
DA:145,0
DA:146,0
DA:147,0
DA:148,0
DA:149,0
BRF:0
BRH:0
LF:105
LH:0
end_of_record
SF:/app/src/evolution/sepl_wallet.rs
FN:25,_RNCNvMNtNtCs4fBZ6wQtzev_14cathedral_qvac9evolution11sepl_walletNtB4_23WalletEvolutionOperator14reflect_wallet0B8_
FN:56,_RNCNvMNtNtCs4fBZ6wQtzev_14cathedral_qvac9evolution11sepl_walletNtB4_23WalletEvolutionOperator21propose_wallet_policy0B8_
FN:21,_RNvMNtNtCs4fBZ6wQtzev_14cathedral_qvac9evolution11sepl_walletNtB2_23WalletEvolutionOperator14reflect_wallet
FN:51,_RNvMNtNtCs4fBZ6wQtzev_14cathedral_qvac9evolution11sepl_walletNtB2_23WalletEvolutionOperator21propose_wallet_policy
FN:14,_RNvMNtNtCs4fBZ6wQtzev_14cathedral_qvac9evolution11sepl_walletNtB2_23WalletEvolutionOperator3new
FNDA:0,_RNCNvMNtNtCs4fBZ6wQtzev_14cathedral_qvac9evolution11sepl_walletNtB4_23WalletEvolutionOperator14reflect_wallet0B8_
FNDA:0,_RNCNvMNtNtCs4fBZ6wQtzev_14cathedral_qvac9evolution11sepl_walletNtB4_23WalletEvolutionOperator21propose_wallet_policy0B8_
FNDA:0,_RNvMNtNtCs4fBZ6wQtzev_14cathedral_qvac9evolution11sepl_walletNtB2_23WalletEvolutionOperator14reflect_wallet
FNDA:0,_RNvMNtNtCs4fBZ6wQtzev_14cathedral_qvac9evolution11sepl_walletNtB2_23WalletEvolutionOperator21propose_wallet_policy
FNDA:0,_RNvMNtNtCs4fBZ6wQtzev_14cathedral_qvac9evolution11sepl_walletNtB2_23WalletEvolutionOperator3new
FNF:5
FNH:0
DA:14,0
DA:15,0
DA:16,0
DA:17,0
DA:18,0
DA:19,0
DA:21,0
DA:22,0
DA:23,0
DA:24,0
DA:25,0
DA:26,0
DA:28,0
DA:29,0
DA:30,0
DA:31,0
DA:32,0
DA:37,0
DA:38,0
DA:40,0
DA:41,0
DA:42,0
DA:43,0
DA:44,0
DA:45,0
DA:46,0
DA:47,0
DA:48,0
DA:49,0
DA:51,0
DA:52,0
DA:53,0
DA:54,0
DA:55,0
DA:56,0
DA:57,0
DA:59,0
DA:64,0
DA:65,0
DA:67,0
DA:68,0
DA:69,0
DA:70,0
DA:71,0
DA:72,0
DA:73,0
DA:74,0
DA:75,0
BRF:0
BRH:0
LF:50
LH:0
end_of_record
SF:/app/src/evolution/wallet_resource.rs
FN:181,_RNCNvMs0_NtNtCs4fBZ6wQtzev_14cathedral_qvac9evolution15wallet_resourceNtB7_14WalletResource11get_balance0Bb_
FN:216,_RNCNvMs0_NtNtCs4fBZ6wQtzev_14cathedral_qvac9evolution15wallet_resourceNtB7_14WalletResource12sign_message0Bb_
FN:193,_RNCNvMs0_NtNtCs4fBZ6wQtzev_14cathedral_qvac9evolution15wallet_resourceNtB7_14WalletResource16send_transaction0Bb_
FN:212,_RNCNvMs0_NtNtCs4fBZ6wQtzev_14cathedral_qvac9evolution15wallet_resourceNtB7_14WalletResource23get_transaction_history0Bb_
FN:258,_RNCNvMs2_NtNtCs4fBZ6wQtzev_14cathedral_qvac9evolution15wallet_resourceNtB7_16WDKWalletWrapper11get_balance0Bb_
FN:292,_RNCNvMs2_NtNtCs4fBZ6wQtzev_14cathedral_qvac9evolution15wallet_resourceNtB7_16WDKWalletWrapper12sign_message0Bb_
FN:274,_RNCNvMs2_NtNtCs4fBZ6wQtzev_14cathedral_qvac9evolution15wallet_resourceNtB7_16WDKWalletWrapper16send_transaction0Bb_
FN:288,_RNCNvMs2_NtNtCs4fBZ6wQtzev_14cathedral_qvac9evolution15wallet_resourceNtB7_16WDKWalletWrapper23get_transaction_history0Bb_
FN:239,_RNCNvXs1_NtNtCs4fBZ6wQtzev_14cathedral_qvac9evolution15wallet_resourceNtB7_14WalletResourceNtNtB9_8resource8Resource10from_bytes0Bb_
FN:235,_RNCNvXs1_NtNtCs4fBZ6wQtzev_14cathedral_qvac9evolution15wallet_resourceNtB7_14WalletResourceNtNtB9_8resource8Resource8to_bytes0Bb_
FN:178,_RNvMs0_NtNtCs4fBZ6wQtzev_14cathedral_qvac9evolution15wallet_resourceNtB5_14WalletResource11get_balance
FN:216,_RNvMs0_NtNtCs4fBZ6wQtzev_14cathedral_qvac9evolution15wallet_resourceNtB5_14WalletResource12sign_message
FN:167,_RNvMs0_NtNtCs4fBZ6wQtzev_14cathedral_qvac9evolution15wallet_resourceNtB5_14WalletResource14derive_address
FN:188,_RNvMs0_NtNtCs4fBZ6wQtzev_14cathedral_qvac9evolution15wallet_resourceNtB5_14WalletResource16send_transaction
FN:212,_RNvMs0_NtNtCs4fBZ6wQtzev_14cathedral_qvac9evolution15wallet_resourceNtB5_14WalletResource23get_transaction_history
FN:118,_RNvMs0_NtNtCs4fBZ6wQtzev_14cathedral_qvac9evolution15wallet_resourceNtB5_14WalletResource3new
FN:258,_RNvMs2_NtNtCs4fBZ6wQtzev_14cathedral_qvac9evolution15wallet_resourceNtB5_16WDKWalletWrapper11get_balance
FN:292,_RNvMs2_NtNtCs4fBZ6wQtzev_14cathedral_qvac9evolution15wallet_resourceNtB5_16WDKWalletWrapper12sign_message
FN:269,_RNvMs2_NtNtCs4fBZ6wQtzev_14cathedral_qvac9evolution15wallet_resourceNtB5_16WDKWalletWrapper16send_transaction
FN:288,_RNvMs2_NtNtCs4fBZ6wQtzev_14cathedral_qvac9evolution15wallet_resourceNtB5_16WDKWalletWrapper23get_transaction_history
FN:250,_RNvMs2_NtNtCs4fBZ6wQtzev_14cathedral_qvac9evolution15wallet_resourceNtB5_16WDKWalletWrapper3new
FN:35,_RNvMs_NtNtCs4fBZ6wQtzev_14cathedral_qvac9evolution15wallet_resourceNtB4_5Chain11from_string
FN:19,_RNvXNtNtCs4fBZ6wQtzev_14cathedral_qvac9evolution15wallet_resourceNtB2_5ChainNtNtCs4kUJL3MZFFz_4core3fmt7Display3fmt
FN:231,_RNvXs1_NtNtCs4fBZ6wQtzev_14cathedral_qvac9evolution15wallet_resourceNtB5_14WalletResourceNtNtB7_8resource8Resource10as_any_mut
FN:237,_RNvXs1_NtNtCs4fBZ6wQtzev_14cathedral_qvac9evolution15wallet_resourceNtB5_14WalletResourceNtNtB7_8resource8Resource10from_bytes
FN:225,_RNvXs1_NtNtCs4fBZ6wQtzev_14cathedral_qvac9evolution15wallet_resourceNtB5_14WalletResourceNtNtB7_8resource8Resource12metadata_mut
FN:228,_RNvXs1_NtNtCs4fBZ6wQtzev_14cathedral_qvac9evolution15wallet_resourceNtB5_14WalletResourceNtNtB7_8resource8Resource6as_any
FN:222,_RNvXs1_NtNtCs4fBZ6wQtzev_14cathedral_qvac9evolution15wallet_resourceNtB5_14WalletResourceNtNtB7_8resource8Resource8metadata
FN:234,_RNvXs1_NtNtCs4fBZ6wQtzev_14cathedral_qvac9evolution15wallet_resourceNtB5_14WalletResourceNtNtB7_8resource8Resource8to_bytes
FNDA:0,_RNCNvMs0_NtNtCs4fBZ6wQtzev_14cathedral_qvac9evolution15wallet_resourceNtB7_14WalletResource11get_balance0Bb_
FNDA:0,_RNCNvMs0_NtNtCs4fBZ6wQtzev_14cathedral_qvac9evolution15wallet_resourceNtB7_14WalletResource12sign_message0Bb_
FNDA:0,_RNCNvMs0_NtNtCs4fBZ6wQtzev_14cathedral_qvac9evolution15wallet_resourceNtB7_14WalletResource16send_transaction0Bb_
FNDA:0,_RNCNvMs0_NtNtCs4fBZ6wQtzev_14cathedral_qvac9evolution15wallet_resourceNtB7_14WalletResource23get_transaction_history0Bb_
FNDA:0,_RNCNvMs2_NtNtCs4fBZ6wQtzev_14cathedral_qvac9evolution15wallet_resourceNtB7_16WDKWalletWrapper11get_balance0Bb_
FNDA:0,_RNCNvMs2_NtNtCs4fBZ6wQtzev_14cathedral_qvac9evolution15wallet_resourceNtB7_16WDKWalletWrapper12sign_message0Bb_
FNDA:0,_RNCNvMs2_NtNtCs4fBZ6wQtzev_14cathedral_qvac9evolution15wallet_resourceNtB7_16WDKWalletWrapper16send_transaction0Bb_
FNDA:0,_RNCNvMs2_NtNtCs4fBZ6wQtzev_14cathedral_qvac9evolution15wallet_resourceNtB7_16WDKWalletWrapper23get_transaction_history0Bb_
FNDA:0,_RNCNvXs1_NtNtCs4fBZ6wQtzev_14cathedral_qvac9evolution15wallet_resourceNtB7_14WalletResourceNtNtB9_8resource8Resource10from_bytes0Bb_
FNDA:0,_RNCNvXs1_NtNtCs4fBZ6wQtzev_14cathedral_qvac9evolution15wallet_resourceNtB7_14WalletResourceNtNtB9_8resource8Resource8to_bytes0Bb_
FNDA:0,_RNvMs0_NtNtCs4fBZ6wQtzev_14cathedral_qvac9evolution15wallet_resourceNtB5_14WalletResource11get_balance
FNDA:0,_RNvMs0_NtNtCs4fBZ6wQtzev_14cathedral_qvac9evolution15wallet_resourceNtB5_14WalletResource12sign_message
FNDA:0,_RNvMs0_NtNtCs4fBZ6wQtzev_14cathedral_qvac9evolution15wallet_resourceNtB5_14WalletResource14derive_address
FNDA:0,_RNvMs0_NtNtCs4fBZ6wQtzev_14cathedral_qvac9evolution15wallet_resourceNtB5_14WalletResource16send_transaction
FNDA:0,_RNvMs0_NtNtCs4fBZ6wQtzev_14cathedral_qvac9evolution15wallet_resourceNtB5_14WalletResource23get_transaction_history
FNDA:0,_RNvMs0_NtNtCs4fBZ6wQtzev_14cathedral_qvac9evolution15wallet_resourceNtB5_14WalletResource3new
FNDA:0,_RNvMs2_NtNtCs4fBZ6wQtzev_14cathedral_qvac9evolution15wallet_resourceNtB5_16WDKWalletWrapper11get_balance
FNDA:0,_RNvMs2_NtNtCs4fBZ6wQtzev_14cathedral_qvac9evolution15wallet_resourceNtB5_16WDKWalletWrapper12sign_message
FNDA:0,_RNvMs2_NtNtCs4fBZ6wQtzev_14cathedral_qvac9evolution15wallet_resourceNtB5_16WDKWalletWrapper16send_transaction
FNDA:0,_RNvMs2_NtNtCs4fBZ6wQtzev_14cathedral_qvac9evolution15wallet_resourceNtB5_16WDKWalletWrapper23get_transaction_history
FNDA:0,_RNvMs2_NtNtCs4fBZ6wQtzev_14cathedral_qvac9evolution15wallet_resourceNtB5_16WDKWalletWrapper3new
FNDA:0,_RNvMs_NtNtCs4fBZ6wQtzev_14cathedral_qvac9evolution15wallet_resourceNtB4_5Chain11from_string
FNDA:0,_RNvXNtNtCs4fBZ6wQtzev_14cathedral_qvac9evolution15wallet_resourceNtB2_5ChainNtNtCs4kUJL3MZFFz_4core3fmt7Display3fmt
FNDA:0,_RNvXs1_NtNtCs4fBZ6wQtzev_14cathedral_qvac9evolution15wallet_resourceNtB5_14WalletResourceNtNtB7_8resource8Resource10as_any_mut
FNDA:0,_RNvXs1_NtNtCs4fBZ6wQtzev_14cathedral_qvac9evolution15wallet_resourceNtB5_14WalletResourceNtNtB7_8resource8Resource10from_bytes
FNDA:0,_RNvXs1_NtNtCs4fBZ6wQtzev_14cathedral_qvac9evolution15wallet_resourceNtB5_14WalletResourceNtNtB7_8resource8Resource12metadata_mut
FNDA:0,_RNvXs1_NtNtCs4fBZ6wQtzev_14cathedral_qvac9evolution15wallet_resourceNtB5_14WalletResourceNtNtB7_8resource8Resource6as_any
FNDA:0,_RNvXs1_NtNtCs4fBZ6wQtzev_14cathedral_qvac9evolution15wallet_resourceNtB5_14WalletResourceNtNtB7_8resource8Resource8metadata
FNDA:0,_RNvXs1_NtNtCs4fBZ6wQtzev_14cathedral_qvac9evolution15wallet_resourceNtB5_14WalletResourceNtNtB7_8resource8Resource8to_bytes
FNF:29
FNH:0
DA:19,0
DA:20,0
DA:21,0
DA:22,0
DA:23,0
DA:24,0
DA:25,0
DA:26,0
DA:27,0
DA:28,0
DA:29,0
DA:31,0
DA:35,0
DA:36,0
DA:37,0
DA:38,0
DA:39,0
DA:40,0
DA:41,0
DA:42,0
DA:43,0
DA:44,0
DA:45,0
DA:47,0
DA:118,0
DA:119,0
DA:120,0
DA:121,0
DA:122,0
DA:123,0
DA:124,0
DA:126,0
DA:127,0
DA:128,0
DA:129,0
DA:130,0
DA:131,0
DA:132,0
DA:133,0
DA:134,0
DA:135,0
DA:136,0
DA:137,0
DA:138,0
DA:139,0
DA:140,0
DA:141,0
DA:142,0
DA:143,0
DA:144,0
DA:146,0
DA:147,0
DA:148,0
DA:149,0
DA:150,0
DA:151,0
DA:152,0
DA:153,0
DA:154,0
DA:155,0
DA:156,0
DA:157,0
DA:158,0
DA:159,0
DA:160,0
DA:161,0
DA:162,0
DA:163,0
DA:164,0
DA:165,0
DA:167,0
DA:168,0
DA:169,0
DA:170,0
DA:171,0
DA:172,0
DA:173,0
DA:175,0
DA:176,0
DA:178,0
DA:179,0
DA:180,0
DA:181,0
DA:182,0
DA:183,0
DA:184,0
DA:185,0
DA:186,0
DA:188,0
DA:189,0
DA:190,0
DA:191,0
DA:192,0
DA:193,0
DA:194,0
DA:195,0
DA:196,0
DA:197,0
DA:198,0
DA:200,0
DA:201,0
DA:202,0
DA:203,0
DA:204,0
DA:205,0
DA:208,0
DA:209,0
DA:210,0
DA:212,0
DA:213,0
DA:214,0
DA:216,0
DA:217,0
DA:218,0
DA:222,0
DA:223,0
DA:224,0
DA:225,0
DA:226,0
DA:227,0
DA:228,0
DA:229,0
DA:230,0
DA:231,0
DA:232,0
DA:233,0
DA:234,0
DA:235,0
DA:236,0
DA:237,0
DA:238,0
DA:239,0
DA:240,0
DA:250,0
DA:251,0
DA:252,0
DA:253,0
DA:254,0
DA:255,0
DA:256,0
DA:258,0
DA:259,0
DA:260,0
DA:261,0
DA:262,0
DA:263,0
DA:264,0
DA:265,0
DA:266,0
DA:267,0
DA:269,0
DA:270,0
DA:271,0
DA:272,0
DA:273,0
DA:274,0
DA:275,0
DA:276,0
DA:277,0
DA:278,0
DA:279,0
DA:280,0
DA:281,0
DA:282,0
DA:283,0
DA:284,0
DA:285,0
DA:286,0
DA:288,0
DA:289,0
DA:290,0
DA:292,0
DA:293,0
DA:294,0
BRF:0
BRH:0
LF:184
LH:0
end_of_record
SF:/app/src/hashtree/adapter.rs
FN:4,_RNCNvMNtNtCs4fBZ6wQtzev_14cathedral_qvac8hashtree7adapterNtB4_15HashTreeStorage11get_by_path0B8_
FN:7,_RNCNvMNtNtCs4fBZ6wQtzev_14cathedral_qvac8hashtree7adapterNtB4_15HashTreeStorage3put0B8_
FN:4,_RNvMNtNtCs4fBZ6wQtzev_14cathedral_qvac8hashtree7adapterNtB2_15HashTreeStorage11get_by_path
FN:7,_RNvMNtNtCs4fBZ6wQtzev_14cathedral_qvac8hashtree7adapterNtB2_15HashTreeStorage3put
FNDA:0,_RNCNvMNtNtCs4fBZ6wQtzev_14cathedral_qvac8hashtree7adapterNtB4_15HashTreeStorage11get_by_path0B8_
FNDA:0,_RNCNvMNtNtCs4fBZ6wQtzev_14cathedral_qvac8hashtree7adapterNtB4_15HashTreeStorage3put0B8_
FNDA:0,_RNvMNtNtCs4fBZ6wQtzev_14cathedral_qvac8hashtree7adapterNtB2_15HashTreeStorage11get_by_path
FNDA:0,_RNvMNtNtCs4fBZ6wQtzev_14cathedral_qvac8hashtree7adapterNtB2_15HashTreeStorage3put
FNF:4
FNH:0
DA:4,0
DA:5,0
DA:6,0
DA:7,0
DA:8,0
DA:9,0
BRF:0
BRH:0
LF:8
LH:0
end_of_record
SF:/app/src/integrations/eve.rs
FN:8,_RNCNvMNtNtCs4fBZ6wQtzev_14cathedral_qvac12integrations3eveNtB4_9EveClient21execute_task_blocking0B8_
FN:4,_RNvMNtNtCs4fBZ6wQtzev_14cathedral_qvac12integrations3eveNtB2_9EveClient21execute_task_blocking
FN:19,_RNvMs_NtNtCs4fBZ6wQtzev_14cathedral_qvac12integrations3eveNtB4_7EveTask13with_strategy
FN:16,_RNvMs_NtNtCs4fBZ6wQtzev_14cathedral_qvac12integrations3eveNtB4_7EveTask3new
FN:30,_RNvNtNtCs4fBZ6wQtzev_14cathedral_qvac12integrations3eve18default_eve_client
FNDA:0,_RNCNvMNtNtCs4fBZ6wQtzev_14cathedral_qvac12integrations3eveNtB4_9EveClient21execute_task_blocking0B8_
FNDA:0,_RNvMNtNtCs4fBZ6wQtzev_14cathedral_qvac12integrations3eveNtB2_9EveClient21execute_task_blocking
FNDA:0,_RNvMs_NtNtCs4fBZ6wQtzev_14cathedral_qvac12integrations3eveNtB4_7EveTask13with_strategy
FNDA:0,_RNvMs_NtNtCs4fBZ6wQtzev_14cathedral_qvac12integrations3eveNtB4_7EveTask3new
FNDA:0,_RNvNtNtCs4fBZ6wQtzev_14cathedral_qvac12integrations3eve18default_eve_client
FNF:5
FNH:0
DA:4,0
DA:5,0
DA:6,0
DA:7,0
DA:8,0
DA:9,0
DA:10,0
DA:11,0
DA:12,0
DA:16,0
DA:17,0
DA:18,0
DA:19,0
DA:20,0
DA:21,0
DA:30,0
DA:31,0
DA:32,0
BRF:0
BRH:0
LF:19
LH:0
end_of_record
SF:/app/src/integrations/x402.rs
FN:66,_RNCNvMs1_NtNtCs4fBZ6wQtzev_14cathedral_qvac12integrations4x402NtB7_10X402Client21download_with_payment0Bb_
FN:39,_RNCNvMs_NtNtCs4fBZ6wQtzev_14cathedral_qvac12integrations4x402NtB6_17X402RoyaltyServer20distribute_royalties0Ba_
FN:9,_RNvMNtNtCs4fBZ6wQtzev_14cathedral_qvac12integrations4x402NtB2_14X402Middleware14with_price_tag
FN:6,_RNvMNtNtCs4fBZ6wQtzev_14cathedral_qvac12integrations4x402NtB2_14X402Middleware3new
FN:62,_RNvMs1_NtNtCs4fBZ6wQtzev_14cathedral_qvac12integrations4x402NtB5_10X402Client21download_with_payment
FN:58,_RNvMs1_NtNtCs4fBZ6wQtzev_14cathedral_qvac12integrations4x402NtB5_10X402Client3new
FN:31,_RNvMs_NtNtCs4fBZ6wQtzev_14cathedral_qvac12integrations4x402NtB4_17X402RoyaltyServer13protect_route
FN:27,_RNvMs_NtNtCs4fBZ6wQtzev_14cathedral_qvac12integrations4x402NtB4_17X402RoyaltyServer19npub_to_eth_address
FN:35,_RNvMs_NtNtCs4fBZ6wQtzev_14cathedral_qvac12integrations4x402NtB4_17X402RoyaltyServer20distribute_royalties
FN:20,_RNvMs_NtNtCs4fBZ6wQtzev_14cathedral_qvac12integrations4x402NtB4_17X402RoyaltyServer3new
FN:52,_RNvXs0_NtNtCs4fBZ6wQtzev_14cathedral_qvac12integrations4x402NtB5_10X402ClientNtNtCs4kUJL3MZFFz_4core7default7Default7default
FNDA:0,_RNCNvMs1_NtNtCs4fBZ6wQtzev_14cathedral_qvac12integrations4x402NtB7_10X402Client21download_with_payment0Bb_
FNDA:0,_RNCNvMs_NtNtCs4fBZ6wQtzev_14cathedral_qvac12integrations4x402NtB6_17X402RoyaltyServer20distribute_royalties0Ba_
FNDA:0,_RNvMNtNtCs4fBZ6wQtzev_14cathedral_qvac12integrations4x402NtB2_14X402Middleware14with_price_tag
FNDA:0,_RNvMNtNtCs4fBZ6wQtzev_14cathedral_qvac12integrations4x402NtB2_14X402Middleware3new
FNDA:0,_RNvMs1_NtNtCs4fBZ6wQtzev_14cathedral_qvac12integrations4x402NtB5_10X402Client21download_with_payment
FNDA:0,_RNvMs1_NtNtCs4fBZ6wQtzev_14cathedral_qvac12integrations4x402NtB5_10X402Client3new
FNDA:0,_RNvMs_NtNtCs4fBZ6wQtzev_14cathedral_qvac12integrations4x402NtB4_17X402RoyaltyServer13protect_route
FNDA:0,_RNvMs_NtNtCs4fBZ6wQtzev_14cathedral_qvac12integrations4x402NtB4_17X402RoyaltyServer19npub_to_eth_address
FNDA:0,_RNvMs_NtNtCs4fBZ6wQtzev_14cathedral_qvac12integrations4x402NtB4_17X402RoyaltyServer20distribute_royalties
FNDA:0,_RNvMs_NtNtCs4fBZ6wQtzev_14cathedral_qvac12integrations4x402NtB4_17X402RoyaltyServer3new
FNDA:0,_RNvXs0_NtNtCs4fBZ6wQtzev_14cathedral_qvac12integrations4x402NtB5_10X402ClientNtNtCs4kUJL3MZFFz_4core7default7Default7default
FNF:11
FNH:0
DA:6,0
DA:7,0
DA:8,0
DA:9,0
DA:10,0
DA:11,0
DA:20,0
DA:21,0
DA:22,0
DA:23,0
DA:24,0
DA:25,0
DA:27,0
DA:28,0
DA:29,0
DA:31,0
DA:33,0
DA:35,0
DA:36,0
DA:37,0
DA:38,0
DA:39,0
DA:40,0
DA:41,0
DA:42,0
DA:43,0
DA:45,0
DA:46,0
DA:52,0
DA:53,0
DA:54,0
DA:58,0
DA:59,0
DA:60,0
DA:62,0
DA:63,0
DA:64,0
DA:65,0
DA:66,0
DA:67,0
DA:68,0
BRF:0
BRH:0
LF:43
LH:0
end_of_record
SF:/app/src/observability/trace_manager.rs
FN:13,_RNCNvMNtNtCs4fBZ6wQtzev_14cathedral_qvac13observability13trace_managerNtB4_12TraceManager11start_trace0B8_
FN:10,_RNCNvMNtNtCs4fBZ6wQtzev_14cathedral_qvac13observability13trace_managerNtB4_12TraceManager12add_artifact0B8_
FN:13,_RNvMNtNtCs4fBZ6wQtzev_14cathedral_qvac13observability13trace_managerNtB2_12TraceManager11start_trace
FN:3,_RNvMNtNtCs4fBZ6wQtzev_14cathedral_qvac13observability13trace_managerNtB2_12TraceManager12add_artifact
FNDA:0,_RNCNvMNtNtCs4fBZ6wQtzev_14cathedral_qvac13observability13trace_managerNtB4_12TraceManager11start_trace0B8_
FNDA:0,_RNCNvMNtNtCs4fBZ6wQtzev_14cathedral_qvac13observability13trace_managerNtB4_12TraceManager12add_artifact0B8_
FNDA:0,_RNvMNtNtCs4fBZ6wQtzev_14cathedral_qvac13observability13trace_managerNtB2_12TraceManager11start_trace
FNDA:0,_RNvMNtNtCs4fBZ6wQtzev_14cathedral_qvac13observability13trace_managerNtB2_12TraceManager12add_artifact
FNF:4
FNH:0
DA:3,0
DA:4,0
DA:5,0
DA:6,0
DA:7,0
DA:8,0
DA:9,0
DA:10,0
DA:11,0
DA:12,0
DA:13,0
DA:14,0
DA:15,0
BRF:0
BRH:0
LF:15
LH:0
end_of_record
SF:/app/src/skill/builtin/qvac_inference.rs
FN:141,_RNCNCNvMs1_NtNtNtCs4fBZ6wQtzev_14cathedral_qvac5skill7builtin14qvac_inferenceNtB9_21QVACInferenceExecutor5infer00Bf_
FN:40,_RNCNCNvMs_NtNtNtCs4fBZ6wQtzev_14cathedral_qvac5skill7builtin14qvac_inferenceNtB8_11QVACSession3new00Be_
FN:44,_RNCNCNvMs_NtNtNtCs4fBZ6wQtzev_14cathedral_qvac5skill7builtin14qvac_inferenceNtB8_11QVACSession3new0s_0Be_
FN:129,_RNCNvMs1_NtNtNtCs4fBZ6wQtzev_14cathedral_qvac5skill7builtin14qvac_inferenceNtB7_21QVACInferenceExecutor5infer0Bd_
FN:37,_RNCNvMs_NtNtNtCs4fBZ6wQtzev_14cathedral_qvac5skill7builtin14qvac_inferenceNtB6_11QVACSession3new0Bc_
FN:54,_RNCNvMs_NtNtNtCs4fBZ6wQtzev_14cathedral_qvac5skill7builtin14qvac_inferenceNtB6_11QVACSession5infer0Bc_
FN:109,_RNvMs1_NtNtNtCs4fBZ6wQtzev_14cathedral_qvac5skill7builtin14qvac_inferenceNtB5_21QVACInferenceExecutor3new
FN:124,_RNvMs1_NtNtNtCs4fBZ6wQtzev_14cathedral_qvac5skill7builtin14qvac_inferenceNtB5_21QVACInferenceExecutor5infer
FN:37,_RNvMs_NtNtNtCs4fBZ6wQtzev_14cathedral_qvac5skill7builtin14qvac_inferenceNtB4_11QVACSession3new
FN:54,_RNvMs_NtNtNtCs4fBZ6wQtzev_14cathedral_qvac5skill7builtin14qvac_inferenceNtB4_11QVACSession5infer
FN:70,_RNvNtNtNtCs4fBZ6wQtzev_14cathedral_qvac5skill7builtin14qvac_inference20qvac_inference_skill
FN:20,_RNvXNtNtNtCs4fBZ6wQtzev_14cathedral_qvac5skill7builtin14qvac_inferenceNtB2_10QVACConfigNtNtCs4kUJL3MZFFz_4core7default7Default7default
FN:63,_RNvXs0_NtNtNtCs4fBZ6wQtzev_14cathedral_qvac5skill7builtin14qvac_inferenceNtB5_11QVACSessionNtNtNtCs4kUJL3MZFFz_4core3ops4drop4Drop4drop
FNDA:0,_RNCNCNvMs1_NtNtNtCs4fBZ6wQtzev_14cathedral_qvac5skill7builtin14qvac_inferenceNtB9_21QVACInferenceExecutor5infer00Bf_
FNDA:0,_RNCNCNvMs_NtNtNtCs4fBZ6wQtzev_14cathedral_qvac5skill7builtin14qvac_inferenceNtB8_11QVACSession3new00Be_
FNDA:0,_RNCNCNvMs_NtNtNtCs4fBZ6wQtzev_14cathedral_qvac5skill7builtin14qvac_inferenceNtB8_11QVACSession3new0s_0Be_
FNDA:0,_RNCNvMs1_NtNtNtCs4fBZ6wQtzev_14cathedral_qvac5skill7builtin14qvac_inferenceNtB7_21QVACInferenceExecutor5infer0Bd_
FNDA:0,_RNCNvMs_NtNtNtCs4fBZ6wQtzev_14cathedral_qvac5skill7builtin14qvac_inferenceNtB6_11QVACSession3new0Bc_
FNDA:0,_RNCNvMs_NtNtNtCs4fBZ6wQtzev_14cathedral_qvac5skill7builtin14qvac_inferenceNtB6_11QVACSession5infer0Bc_
FNDA:0,_RNvMs1_NtNtNtCs4fBZ6wQtzev_14cathedral_qvac5skill7builtin14qvac_inferenceNtB5_21QVACInferenceExecutor3new
FNDA:0,_RNvMs1_NtNtNtCs4fBZ6wQtzev_14cathedral_qvac5skill7builtin14qvac_inferenceNtB5_21QVACInferenceExecutor5infer
FNDA:0,_RNvMs_NtNtNtCs4fBZ6wQtzev_14cathedral_qvac5skill7builtin14qvac_inferenceNtB4_11QVACSession3new
FNDA:0,_RNvMs_NtNtNtCs4fBZ6wQtzev_14cathedral_qvac5skill7builtin14qvac_inferenceNtB4_11QVACSession5infer
FNDA:0,_RNvNtNtNtCs4fBZ6wQtzev_14cathedral_qvac5skill7builtin14qvac_inference20qvac_inference_skill
FNDA:0,_RNvXNtNtNtCs4fBZ6wQtzev_14cathedral_qvac5skill7builtin14qvac_inferenceNtB2_10QVACConfigNtNtCs4kUJL3MZFFz_4core7default7Default7default
FNDA:0,_RNvXs0_NtNtNtCs4fBZ6wQtzev_14cathedral_qvac5skill7builtin14qvac_inferenceNtB5_11QVACSessionNtNtNtCs4kUJL3MZFFz_4core3ops4drop4Drop4drop
FNF:13
FNH:0
DA:20,0
DA:21,0
DA:22,0
DA:23,0
DA:24,0
DA:25,0
DA:26,0
DA:27,0
DA:28,0
DA:37,0
DA:38,0
DA:39,0
DA:40,0
DA:42,0
DA:43,0
DA:44,0
DA:46,0
DA:48,0
DA:49,0
DA:50,0
DA:51,0
DA:52,0
DA:54,0
DA:55,0
DA:56,0
DA:58,0
DA:59,0
DA:63,0
DA:64,0
DA:65,0
DA:66,0
DA:67,0
DA:70,0
DA:71,0
DA:72,0
DA:73,0
DA:74,0
DA:76,0
DA:77,0
DA:78,0
DA:79,0
DA:80,0
DA:81,0
DA:82,0
DA:83,0
DA:84,0
DA:85,0
DA:86,0
DA:87,0
DA:88,0
DA:89,0
DA:90,0
DA:91,0
DA:92,0
DA:93,0
DA:94,0
DA:95,0
DA:96,0
DA:97,0
DA:109,0
DA:110,0
DA:111,0
DA:112,0
DA:113,0
DA:114,0
DA:115,0
DA:116,0
DA:117,0
DA:118,0
DA:119,0
DA:120,0
DA:121,0
DA:122,0
DA:124,0
DA:125,0
DA:126,0
DA:127,0
DA:128,0
DA:129,0
DA:130,0
DA:132,0
DA:134,0
DA:135,0
DA:137,0
DA:138,0
DA:139,0
DA:140,0
DA:141,0
DA:142,0
DA:143,0
DA:145,0
DA:146,0
DA:147,0
DA:151,0
DA:153,0
DA:154,0
DA:155,0
DA:156,0
DA:157,0
DA:158,0
DA:160,0
DA:161,0
DA:162,0
DA:163,0
DA:164,0
DA:165,0
DA:166,0
DA:167,0
DA:168,0
DA:169,0
DA:170,0
DA:172,0
DA:173,0
BRF:0
BRH:0
LF:120
LH:0
end_of_record
SF:/app/src/swarm/second_self_orchestrator.rs
FN:93,_RNCNCNvMs_NtNtCs4fBZ6wQtzev_14cathedral_qvac5swarm24second_self_orchestratorNtB8_22SecondSelfOrchestrator16enable_royalties00Bc_
FN:51,_RNCNvMs_NtNtCs4fBZ6wQtzev_14cathedral_qvac5swarm24second_self_orchestratorNtB6_22SecondSelfOrchestrator15load_desci_node0Ba_
FN:86,_RNCNvMs_NtNtCs4fBZ6wQtzev_14cathedral_qvac5swarm24second_self_orchestratorNtB6_22SecondSelfOrchestrator16enable_royalties0Ba_
FN:60,_RNCNvMs_NtNtCs4fBZ6wQtzev_14cathedral_qvac5swarm24second_self_orchestratorNtB6_22SecondSelfOrchestrator17save_node_version0Ba_
FN:68,_RNCNvMs_NtNtCs4fBZ6wQtzev_14cathedral_qvac5swarm24second_self_orchestratorNtB6_22SecondSelfOrchestrator18get_component_data0Ba_
FN:76,_RNCNvMs_NtNtCs4fBZ6wQtzev_14cathedral_qvac5swarm24second_self_orchestratorNtB6_22SecondSelfOrchestrator18publish_desci_node0Ba_
FN:133,_RNCNvMs_NtNtCs4fBZ6wQtzev_14cathedral_qvac5swarm24second_self_orchestratorNtB6_22SecondSelfOrchestrator24download_desci_component0Ba_
FN:23,_RNCNvMs_NtNtCs4fBZ6wQtzev_14cathedral_qvac5swarm24second_self_orchestratorNtB6_22SecondSelfOrchestrator3new0Ba_
FN:42,_RNvMs_NtNtCs4fBZ6wQtzev_14cathedral_qvac5swarm24second_self_orchestratorNtB4_22SecondSelfOrchestrator14get_desci_node
FN:51,_RNvMs_NtNtCs4fBZ6wQtzev_14cathedral_qvac5swarm24second_self_orchestratorNtB4_22SecondSelfOrchestrator15load_desci_node
FN:80,_RNvMs_NtNtCs4fBZ6wQtzev_14cathedral_qvac5swarm24second_self_orchestratorNtB4_22SecondSelfOrchestrator16enable_royalties
FN:60,_RNvMs_NtNtCs4fBZ6wQtzev_14cathedral_qvac5swarm24second_self_orchestratorNtB4_22SecondSelfOrchestrator17save_node_version
FN:64,_RNvMs_NtNtCs4fBZ6wQtzev_14cathedral_qvac5swarm24second_self_orchestratorNtB4_22SecondSelfOrchestrator18get_component_data
FN:33,_RNvMs_NtNtCs4fBZ6wQtzev_14cathedral_qvac5swarm24second_self_orchestratorNtB4_22SecondSelfOrchestrator18get_desci_node_mut
FN:72,_RNvMs_NtNtCs4fBZ6wQtzev_14cathedral_qvac5swarm24second_self_orchestratorNtB4_22SecondSelfOrchestrator18publish_desci_node
FN:128,_RNvMs_NtNtCs4fBZ6wQtzev_14cathedral_qvac5swarm24second_self_orchestratorNtB4_22SecondSelfOrchestrator24download_desci_component
FN:21,_RNvMs_NtNtCs4fBZ6wQtzev_14cathedral_qvac5swarm24second_self_orchestratorNtB4_22SecondSelfOrchestrator3new
FN:15,_RNvXNtNtCs4fBZ6wQtzev_14cathedral_qvac5swarm24second_self_orchestratorNtB2_22SecondSelfOrchestratorNtNtCs4kUJL3MZFFz_4core7default7Default7default
FNDA:0,_RNCNCNvMs_NtNtCs4fBZ6wQtzev_14cathedral_qvac5swarm24second_self_orchestratorNtB8_22SecondSelfOrchestrator16enable_royalties00Bc_
FNDA:0,_RNCNvMs_NtNtCs4fBZ6wQtzev_14cathedral_qvac5swarm24second_self_orchestratorNtB6_22SecondSelfOrchestrator15load_desci_node0Ba_
FNDA:0,_RNCNvMs_NtNtCs4fBZ6wQtzev_14cathedral_qvac5swarm24second_self_orchestratorNtB6_22SecondSelfOrchestrator16enable_royalties0Ba_
FNDA:0,_RNCNvMs_NtNtCs4fBZ6wQtzev_14cathedral_qvac5swarm24second_self_orchestratorNtB6_22SecondSelfOrchestrator17save_node_version0Ba_
FNDA:0,_RNCNvMs_NtNtCs4fBZ6wQtzev_14cathedral_qvac5swarm24second_self_orchestratorNtB6_22SecondSelfOrchestrator18get_component_data0Ba_
FNDA:0,_RNCNvMs_NtNtCs4fBZ6wQtzev_14cathedral_qvac5swarm24second_self_orchestratorNtB6_22SecondSelfOrchestrator18publish_desci_node0Ba_
FNDA:0,_RNCNvMs_NtNtCs4fBZ6wQtzev_14cathedral_qvac5swarm24second_self_orchestratorNtB6_22SecondSelfOrchestrator24download_desci_component0Ba_
FNDA:0,_RNCNvMs_NtNtCs4fBZ6wQtzev_14cathedral_qvac5swarm24second_self_orchestratorNtB6_22SecondSelfOrchestrator3new0Ba_
FNDA:0,_RNvMs_NtNtCs4fBZ6wQtzev_14cathedral_qvac5swarm24second_self_orchestratorNtB4_22SecondSelfOrchestrator14get_desci_node
FNDA:0,_RNvMs_NtNtCs4fBZ6wQtzev_14cathedral_qvac5swarm24second_self_orchestratorNtB4_22SecondSelfOrchestrator15load_desci_node
FNDA:0,_RNvMs_NtNtCs4fBZ6wQtzev_14cathedral_qvac5swarm24second_self_orchestratorNtB4_22SecondSelfOrchestrator16enable_royalties
FNDA:0,_RNvMs_NtNtCs4fBZ6wQtzev_14cathedral_qvac5swarm24second_self_orchestratorNtB4_22SecondSelfOrchestrator17save_node_version
FNDA:0,_RNvMs_NtNtCs4fBZ6wQtzev_14cathedral_qvac5swarm24second_self_orchestratorNtB4_22SecondSelfOrchestrator18get_component_data
FNDA:0,_RNvMs_NtNtCs4fBZ6wQtzev_14cathedral_qvac5swarm24second_self_orchestratorNtB4_22SecondSelfOrchestrator18get_desci_node_mut
FNDA:0,_RNvMs_NtNtCs4fBZ6wQtzev_14cathedral_qvac5swarm24second_self_orchestratorNtB4_22SecondSelfOrchestrator18publish_desci_node
FNDA:0,_RNvMs_NtNtCs4fBZ6wQtzev_14cathedral_qvac5swarm24second_self_orchestratorNtB4_22SecondSelfOrchestrator24download_desci_component
FNDA:0,_RNvMs_NtNtCs4fBZ6wQtzev_14cathedral_qvac5swarm24second_self_orchestratorNtB4_22SecondSelfOrchestrator3new
FNDA:0,_RNvXNtNtCs4fBZ6wQtzev_14cathedral_qvac5swarm24second_self_orchestratorNtB2_22SecondSelfOrchestratorNtNtCs4kUJL3MZFFz_4core7default7Default7default
FNF:18
FNH:0
DA:15,0
DA:16,0
DA:17,0
DA:21,0
DA:22,0
DA:23,0
DA:25,0
DA:26,0
DA:27,0
DA:28,0
DA:29,0
DA:30,0
DA:31,0
DA:33,0
DA:34,0
DA:35,0
DA:36,0
DA:37,0
DA:38,0
DA:39,0
DA:40,0
DA:42,0
DA:43,0
DA:44,0
DA:45,0
DA:46,0
DA:47,0
DA:48,0
DA:49,0
DA:51,0
DA:52,0
DA:53,0
DA:54,0
DA:55,0
DA:56,0
DA:57,0
DA:58,0
DA:60,0
DA:61,0
DA:62,0
DA:64,0
DA:65,0
DA:66,0
DA:67,0
DA:68,0
DA:69,0
DA:70,0
DA:72,0
DA:73,0
DA:74,0
DA:75,0
DA:76,0
DA:77,0
DA:78,0
DA:80,0
DA:81,0
DA:82,0
DA:83,0
DA:84,0
DA:85,0
DA:86,0
DA:87,0
DA:89,0
DA:91,0
DA:92,0
DA:93,0
DA:94,0
DA:95,0
DA:96,0
DA:97,0
DA:98,0
DA:99,0
DA:100,0
DA:101,0
DA:102,0
DA:103,0
DA:105,0
DA:106,0
DA:107,0
DA:108,0
DA:110,0
DA:111,0
DA:112,0
DA:113,0
DA:114,0
DA:115,0
DA:116,0
DA:117,0
DA:118,0
DA:119,0
DA:121,0
DA:122,0
DA:124,0
DA:125,0
DA:126,0
DA:128,0
DA:129,0
DA:130,0
DA:131,0
DA:132,0
DA:133,0
DA:134,0
DA:136,0
DA:141,0
DA:142,0
DA:143,0
DA:144,0
DA:145,0
DA:146,0
DA:147,0
DA:148,0
DA:150,0
DA:151,0
DA:152,0
BRF:0
BRH:0
LF:122
LH:0
end_of_record
SF:/app/src/thread/index.rs
FN:4,_RNCNvMNtNtCs4fBZ6wQtzev_14cathedral_qvac6thread5indexNtB4_11ThreadIndex17get_usage_metrics0B8_
FN:4,_RNvMNtNtCs4fBZ6wQtzev_14cathedral_qvac6thread5indexNtB2_11ThreadIndex17get_usage_metrics
FNDA:0,_RNCNvMNtNtCs4fBZ6wQtzev_14cathedral_qvac6thread5indexNtB4_11ThreadIndex17get_usage_metrics0B8_
FNDA:0,_RNvMNtNtCs4fBZ6wQtzev_14cathedral_qvac6thread5indexNtB2_11ThreadIndex17get_usage_metrics
FNF:2
FNH:0
DA:4,0
DA:5,0
DA:6,0
BRF:0
BRH:0
LF:4
LH:0
end_of_record